{"/Users/a/techit-v2/server/middleware/auth.js": {"path":"/Users/a/techit-v2/server/middleware/auth.js","statementMap":{"0":{"start":{"line":1,"column":12},"end":{"line":1,"column":35}},"1":{"start":{"line":4,"column":16},"end":{"line":4,"column":56}},"2":{"start":{"line":6,"column":2},"end":{"line":8,"column":3}},"3":{"start":{"line":7,"column":4},"end":{"line":7,"column":63}},"4":{"start":{"line":10,"column":2},"end":{"line":16,"column":3}},"5":{"start":{"line":11,"column":20},"end":{"line":11,"column":61}},"6":{"start":{"line":12,"column":4},"end":{"line":12,"column":22}},"7":{"start":{"line":13,"column":4},"end":{"line":13,"column":10}},"8":{"start":{"line":15,"column":4},"end":{"line":15,"column":59}},"9":{"start":{"line":20,"column":2},"end":{"line":22,"column":3}},"10":{"start":{"line":21,"column":4},"end":{"line":21,"column":67}},"11":{"start":{"line":23,"column":2},"end":{"line":23,"column":8}},"12":{"start":{"line":26,"column":0},"end":{"line":26,"column":52}}},"fnMap":{"0":{"name":"authMiddleware","decl":{"start":{"line":3,"column":9},"end":{"line":3,"column":23}},"loc":{"start":{"line":3,"column":40},"end":{"line":17,"column":1}},"line":3},"1":{"name":"adminMiddleware","decl":{"start":{"line":19,"column":9},"end":{"line":19,"column":24}},"loc":{"start":{"line":19,"column":41},"end":{"line":24,"column":1}},"line":19}},"branchMap":{"0":{"loc":{"start":{"line":6,"column":2},"end":{"line":8,"column":3}},"type":"if","locations":[{"start":{"line":6,"column":2},"end":{"line":8,"column":3}},{"start":{},"end":{}}],"line":6},"1":{"loc":{"start":{"line":20,"column":2},"end":{"line":22,"column":3}},"type":"if","locations":[{"start":{"line":20,"column":2},"end":{"line":22,"column":3}},{"start":{},"end":{}}],"line":20}},"s":{"0":4,"1":31,"2":31,"3":4,"4":27,"5":27,"6":25,"7":25,"8":2,"9":15,"10":4,"11":11,"12":4},"f":{"0":31,"1":15},"b":{"0":[4,27],"1":[4,11]},"_coverageSchema":"1a1c01bbd47fc00a2c39e90264f33305004495a9","hash":"e2ab8da996b4b947d68f39eddd1608b2b57ab5b1"}
,"/Users/a/techit-v2/server/middleware/errorHandler.js": {"path":"/Users/a/techit-v2/server/middleware/errorHandler.js","statementMap":{"0":{"start":{"line":12,"column":2},"end":{"line":12,"column":69}},"1":{"start":{"line":21,"column":17},"end":{"line":21,"column":52}},"2":{"start":{"line":24,"column":2},"end":{"line":24,"column":86}},"3":{"start":{"line":25,"column":2},"end":{"line":27,"column":3}},"4":{"start":{"line":26,"column":4},"end":{"line":26,"column":28}},"5":{"start":{"line":30,"column":2},"end":{"line":32,"column":3}},"6":{"start":{"line":31,"column":4},"end":{"line":31,"column":76}},"7":{"start":{"line":34,"column":2},"end":{"line":36,"column":3}},"8":{"start":{"line":35,"column":4},"end":{"line":35,"column":64}},"9":{"start":{"line":40,"column":18},"end":{"line":42,"column":47}},"10":{"start":{"line":44,"column":15},"end":{"line":44,"column":33}},"11":{"start":{"line":47,"column":2},"end":{"line":49,"column":3}},"12":{"start":{"line":48,"column":4},"end":{"line":48,"column":26}},"13":{"start":{"line":51,"column":2},"end":{"line":51,"column":31}},"14":{"start":{"line":54,"column":0},"end":{"line":54,"column":50}}},"fnMap":{"0":{"name":"notFoundHandler","decl":{"start":{"line":11,"column":9},"end":{"line":11,"column":24}},"loc":{"start":{"line":11,"column":35},"end":{"line":13,"column":1}},"line":11},"1":{"name":"errorHandler","decl":{"start":{"line":20,"column":9},"end":{"line":20,"column":21}},"loc":{"start":{"line":20,"column":43},"end":{"line":52,"column":1}},"line":20}},"branchMap":{"0":{"loc":{"start":{"line":21,"column":17},"end":{"line":21,"column":52}},"type":"binary-expr","locations":[{"start":{"line":21,"column":17},"end":{"line":21,"column":27}},{"start":{"line":21,"column":31},"end":{"line":21,"column":45}},{"start":{"line":21,"column":49},"end":{"line":21,"column":52}}],"line":21},"1":{"loc":{"start":{"line":25,"column":2},"end":{"line":27,"column":3}},"type":"if","locations":[{"start":{"line":25,"column":2},"end":{"line":27,"column":3}},{"start":{},"end":{}}],"line":25},"2":{"loc":{"start":{"line":25,"column":6},"end":{"line":25,"column":32}},"type":"binary-expr","locations":[{"start":{"line":25,"column":6},"end":{"line":25,"column":19}},{"start":{"line":25,"column":23},"end":{"line":25,"column":32}}],"line":25},"3":{"loc":{"start":{"line":30,"column":2},"end":{"line":32,"column":3}},"type":"if","locations":[{"start":{"line":30,"column":2},"end":{"line":32,"column":3}},{"start":{},"end":{}}],"line":30},"4":{"loc":{"start":{"line":34,"column":2},"end":{"line":36,"column":3}},"type":"if","locations":[{"start":{"line":34,"column":2},"end":{"line":36,"column":3}},{"start":{},"end":{}}],"line":34},"5":{"loc":{"start":{"line":40,"column":18},"end":{"line":42,"column":47}},"type":"cond-expr","locations":[{"start":{"line":41,"column":6},"end":{"line":41,"column":17}},{"start":{"line":42,"column":6},"end":{"line":42,"column":47}}],"line":40},"6":{"loc":{"start":{"line":47,"column":2},"end":{"line":49,"column":3}},"type":"if","locations":[{"start":{"line":47,"column":2},"end":{"line":49,"column":3}},{"start":{},"end":{}}],"line":47},"7":{"loc":{"start":{"line":47,"column":6},"end":{"line":47,"column":57}},"type":"binary-expr","locations":[{"start":{"line":47,"column":6},"end":{"line":47,"column":44}},{"start":{"line":47,"column":48},"end":{"line":47,"column":57}}],"line":47}},"s":{"0":1,"1":5,"2":5,"3":5,"4":3,"5":5,"6":1,"7":4,"8":1,"9":3,"10":3,"11":3,"12":0,"13":3,"14":1},"f":{"0":1,"1":5},"b":{"0":[5,3,3],"1":[3,2],"2":[5,3],"3":[1,4],"4":[1,3],"5":[1,2],"6":[0,3],"7":[3,0]},"_coverageSchema":"1a1c01bbd47fc00a2c39e90264f33305004495a9","hash":"af6c017b9d58dd9bd2c7d6cab3762ce8f7f1f54c"}
,"/Users/a/techit-v2/server/middleware/rateLimiter.js": {"path":"/Users/a/techit-v2/server/middleware/rateLimiter.js","statementMap":{"0":{"start":{"line":1,"column":18},"end":{"line":1,"column":47}},"1":{"start":{"line":10,"column":17},"end":{"line":10,"column":48}},"2":{"start":{"line":13,"column":2},"end":{"line":13,"column":49}},"3":{"start":{"line":13,"column":16},"end":{"line":13,"column":49}},"4":{"start":{"line":13,"column":43},"end":{"line":13,"column":49}},"5":{"start":{"line":15,"column":2},"end":{"line":26,"column":4}},"6":{"start":{"line":30,"column":21},"end":{"line":34,"column":2}},"7":{"start":{"line":37,"column":24},"end":{"line":41,"column":2}},"8":{"start":{"line":47,"column":19},"end":{"line":51,"column":2}},"9":{"start":{"line":58,"column":25},"end":{"line":62,"column":2}},"10":{"start":{"line":64,"column":0},"end":{"line":64,"column":80}}},"fnMap":{"0":{"name":"buildLimiter","decl":{"start":{"line":12,"column":9},"end":{"line":12,"column":21}},"loc":{"start":{"line":12,"column":50},"end":{"line":27,"column":1}},"line":12},"1":{"name":"(anonymous_1)","decl":{"start":{"line":13,"column":23},"end":{"line":13,"column":24}},"loc":{"start":{"line":13,"column":43},"end":{"line":13,"column":49}},"line":13}},"branchMap":{"0":{"loc":{"start":{"line":13,"column":2},"end":{"line":13,"column":49}},"type":"if","locations":[{"start":{"line":13,"column":2},"end":{"line":13,"column":49}},{"start":{},"end":{}}],"line":13}},"s":{"0":2,"1":2,"2":8,"3":8,"4":12,"5":0,"6":2,"7":2,"8":2,"9":2,"10":2},"f":{"0":8,"1":12},"b":{"0":[8,0]},"_coverageSchema":"1a1c01bbd47fc00a2c39e90264f33305004495a9","hash":"75310cd5db72359660191ee368f99e2e8df67181"}
,"/Users/a/techit-v2/server/routes/audit.js": {"path":"/Users/a/techit-v2/server/routes/audit.js","statementMap":{"0":{"start":{"line":1,"column":16},"end":{"line":1,"column":34}},"1":{"start":{"line":2,"column":15},"end":{"line":2,"column":31}},"2":{"start":{"line":3,"column":17},"end":{"line":3,"column":48}},"3":{"start":{"line":4,"column":44},"end":{"line":4,"column":73}},"4":{"start":{"line":5,"column":25},"end":{"line":5,"column":57}},"5":{"start":{"line":8,"column":0},"end":{"line":21,"column":3}},"6":{"start":{"line":9,"column":16},"end":{"line":9,"column":40}},"7":{"start":{"line":11,"column":26},"end":{"line":16,"column":15}},"8":{"start":{"line":18,"column":2},"end":{"line":18,"column":24}},"9":{"start":{"line":18,"column":13},"end":{"line":18,"column":24}},"10":{"start":{"line":20,"column":2},"end":{"line":20,"column":16}},"11":{"start":{"line":23,"column":0},"end":{"line":23,"column":23}}},"fnMap":{"0":{"name":"(anonymous_0)","decl":{"start":{"line":8,"column":62},"end":{"line":8,"column":63}},"loc":{"start":{"line":8,"column":82},"end":{"line":21,"column":1}},"line":8}},"branchMap":{"0":{"loc":{"start":{"line":18,"column":2},"end":{"line":18,"column":24}},"type":"if","locations":[{"start":{"line":18,"column":2},"end":{"line":18,"column":24}},{"start":{},"end":{}}],"line":18}},"s":{"0":1,"1":1,"2":1,"3":1,"4":1,"5":1,"6":2,"7":2,"8":2,"9":1,"10":1,"11":1},"f":{"0":2},"b":{"0":[1,1]},"_coverageSchema":"1a1c01bbd47fc00a2c39e90264f33305004495a9","hash":"f6ddd12480859cba7d0e7f3ac1f504511d14394d"}
,"/Users/a/techit-v2/server/routes/auth.js": {"path":"/Users/a/techit-v2/server/routes/auth.js","statementMap":{"0":{"start":{"line":1,"column":16},"end":{"line":1,"column":34}},"1":{"start":{"line":2,"column":15},"end":{"line":2,"column":31}},"2":{"start":{"line":3,"column":15},"end":{"line":3,"column":34}},"3":{"start":{"line":4,"column":17},"end":{"line":4,"column":48}},"4":{"start":{"line":5,"column":25},"end":{"line":5,"column":57}},"5":{"start":{"line":6,"column":42},"end":{"line":6,"column":78}},"6":{"start":{"line":7,"column":46},"end":{"line":7,"column":80}},"7":{"start":{"line":8,"column":27},"end":{"line":8,"column":56}},"8":{"start":{"line":17,"column":4},"end":{"line":17,"column":33}},"9":{"start":{"line":24,"column":2},"end":{"line":29,"column":26}},"10":{"start":{"line":37,"column":19},"end":{"line":37,"column":32}},"11":{"start":{"line":38,"column":13},"end":{"line":38,"column":21}},"12":{"start":{"line":39,"column":16},"end":{"line":39,"column":17}},"13":{"start":{"line":41,"column":2},"end":{"line":58,"column":3}},"14":{"start":{"line":42,"column":28},"end":{"line":46,"column":15}},"15":{"start":{"line":48,"column":4},"end":{"line":48,"column":30}},"16":{"start":{"line":48,"column":16},"end":{"line":48,"column":30}},"17":{"start":{"line":51,"column":4},"end":{"line":55,"column":5}},"18":{"start":{"line":52,"column":6},"end":{"line":52,"column":68}},"19":{"start":{"line":53,"column":6},"end":{"line":53,"column":18}},"20":{"start":{"line":54,"column":6},"end":{"line":54,"column":14}},"21":{"start":{"line":57,"column":4},"end":{"line":57,"column":15}},"22":{"start":{"line":60,"column":2},"end":{"line":60,"column":67}},"23":{"start":{"line":64,"column":0},"end":{"line":109,"column":3}},"24":{"start":{"line":65,"column":33},"end":{"line":65,"column":41}},"25":{"start":{"line":67,"column":2},"end":{"line":69,"column":3}},"26":{"start":{"line":68,"column":4},"end":{"line":68,"column":76}},"27":{"start":{"line":72,"column":20},"end":{"line":72,"column":50}},"28":{"start":{"line":73,"column":33},"end":{"line":77,"column":13}},"29":{"start":{"line":79,"column":2},"end":{"line":81,"column":3}},"30":{"start":{"line":80,"column":4},"end":{"line":80,"column":65}},"31":{"start":{"line":83,"column":15},"end":{"line":83,"column":23}},"32":{"start":{"line":86,"column":24},"end":{"line":86,"column":69}},"33":{"start":{"line":87,"column":2},"end":{"line":89,"column":3}},"34":{"start":{"line":88,"column":4},"end":{"line":88,"column":65}},"35":{"start":{"line":93,"column":16},"end":{"line":93,"column":37}},"36":{"start":{"line":94,"column":34},"end":{"line":96,"column":4}},"37":{"start":{"line":98,"column":2},"end":{"line":98,"column":71}},"38":{"start":{"line":100,"column":2},"end":{"line":108,"column":4}},"39":{"start":{"line":115,"column":0},"end":{"line":170,"column":3}},"40":{"start":{"line":116,"column":20},"end":{"line":116,"column":54}},"41":{"start":{"line":118,"column":2},"end":{"line":120,"column":3}},"42":{"start":{"line":119,"column":4},"end":{"line":119,"column":71}},"43":{"start":{"line":122,"column":17},"end":{"line":122,"column":50}},"44":{"start":{"line":124,"column":2},"end":{"line":127,"column":3}},"45":{"start":{"line":125,"column":4},"end":{"line":125,"column":64}},"46":{"start":{"line":126,"column":4},"end":{"line":126,"column":67}},"47":{"start":{"line":132,"column":2},"end":{"line":136,"column":3}},"48":{"start":{"line":133,"column":4},"end":{"line":133,"column":42}},"49":{"start":{"line":134,"column":4},"end":{"line":134,"column":64}},"50":{"start":{"line":135,"column":4},"end":{"line":135,"column":97}},"51":{"start":{"line":138,"column":2},"end":{"line":142,"column":3}},"52":{"start":{"line":139,"column":4},"end":{"line":139,"column":32}},"53":{"start":{"line":140,"column":4},"end":{"line":140,"column":64}},"54":{"start":{"line":141,"column":4},"end":{"line":141,"column":67}},"55":{"start":{"line":146,"column":43},"end":{"line":150,"column":13}},"56":{"start":{"line":152,"column":2},"end":{"line":156,"column":3}},"57":{"start":{"line":153,"column":4},"end":{"line":153,"column":32}},"58":{"start":{"line":154,"column":4},"end":{"line":154,"column":64}},"59":{"start":{"line":155,"column":4},"end":{"line":155,"column":67}},"60":{"start":{"line":158,"column":2},"end":{"line":158,"column":30}},"61":{"start":{"line":159,"column":33},"end":{"line":162,"column":4}},"62":{"start":{"line":164,"column":2},"end":{"line":164,"column":70}},"63":{"start":{"line":166,"column":2},"end":{"line":169,"column":4}},"64":{"start":{"line":174,"column":0},"end":{"line":190,"column":3}},"65":{"start":{"line":175,"column":20},"end":{"line":175,"column":54}},"66":{"start":{"line":177,"column":2},"end":{"line":186,"column":3}},"67":{"start":{"line":178,"column":19},"end":{"line":178,"column":52}},"68":{"start":{"line":179,"column":4},"end":{"line":185,"column":5}},"69":{"start":{"line":180,"column":6},"end":{"line":184,"column":7}},"70":{"start":{"line":181,"column":8},"end":{"line":181,"column":46}},"71":{"start":{"line":183,"column":8},"end":{"line":183,"column":36}},"72":{"start":{"line":188,"column":2},"end":{"line":188,"column":62}},"73":{"start":{"line":189,"column":2},"end":{"line":189,"column":24}},"74":{"start":{"line":194,"column":0},"end":{"line":206,"column":3}},"75":{"start":{"line":195,"column":32},"end":{"line":199,"column":13}},"76":{"start":{"line":201,"column":2},"end":{"line":203,"column":3}},"77":{"start":{"line":202,"column":4},"end":{"line":202,"column":60}},"78":{"start":{"line":205,"column":2},"end":{"line":205,"column":16}},"79":{"start":{"line":209,"column":0},"end":{"line":280,"column":3}},"80":{"start":{"line":210,"column":54},"end":{"line":210,"column":62}},"81":{"start":{"line":212,"column":2},"end":{"line":214,"column":3}},"82":{"start":{"line":213,"column":4},"end":{"line":213,"column":65}},"83":{"start":{"line":216,"column":2},"end":{"line":218,"column":3}},"84":{"start":{"line":217,"column":4},"end":{"line":217,"column":84}},"85":{"start":{"line":222,"column":15},"end":{"line":222,"column":19}},"86":{"start":{"line":223,"column":2},"end":{"line":231,"column":3}},"87":{"start":{"line":224,"column":4},"end":{"line":224,"column":52}},"88":{"start":{"line":225,"column":4},"end":{"line":227,"column":5}},"89":{"start":{"line":226,"column":6},"end":{"line":226,"column":80}},"90":{"start":{"line":228,"column":4},"end":{"line":230,"column":5}},"91":{"start":{"line":229,"column":6},"end":{"line":229,"column":83}},"92":{"start":{"line":234,"column":25},"end":{"line":234,"column":56}},"93":{"start":{"line":241,"column":2},"end":{"line":247,"column":3}},"94":{"start":{"line":242,"column":4},"end":{"line":242,"column":43}},"95":{"start":{"line":243,"column":4},"end":{"line":243,"column":22}},"96":{"start":{"line":245,"column":4},"end":{"line":245,"column":75}},"97":{"start":{"line":246,"column":4},"end":{"line":246,"column":18}},"98":{"start":{"line":250,"column":26},"end":{"line":260,"column":13}},"99":{"start":{"line":262,"column":2},"end":{"line":267,"column":3}},"100":{"start":{"line":263,"column":4},"end":{"line":265,"column":5}},"101":{"start":{"line":264,"column":6},"end":{"line":264,"column":80}},"102":{"start":{"line":266,"column":4},"end":{"line":266,"column":15}},"103":{"start":{"line":271,"column":2},"end":{"line":273,"column":3}},"104":{"start":{"line":272,"column":4},"end":{"line":272,"column":33}},"105":{"start":{"line":275,"column":2},"end":{"line":279,"column":4}},"106":{"start":{"line":282,"column":0},"end":{"line":282,"column":23}}},"fnMap":{"0":{"name":"slugify","decl":{"start":{"line":23,"column":9},"end":{"line":23,"column":16}},"loc":{"start":{"line":23,"column":23},"end":{"line":30,"column":1}},"line":23},"1":{"name":"createOrganization","decl":{"start":{"line":36,"column":15},"end":{"line":36,"column":33}},"loc":{"start":{"line":36,"column":40},"end":{"line":61,"column":1}},"line":36},"2":{"name":"(anonymous_2)","decl":{"start":{"line":64,"column":49},"end":{"line":64,"column":50}},"loc":{"start":{"line":64,"column":69},"end":{"line":109,"column":1}},"line":64},"3":{"name":"(anonymous_3)","decl":{"start":{"line":115,"column":37},"end":{"line":115,"column":38}},"loc":{"start":{"line":115,"column":57},"end":{"line":170,"column":1}},"line":115},"4":{"name":"(anonymous_4)","decl":{"start":{"line":174,"column":36},"end":{"line":174,"column":37}},"loc":{"start":{"line":174,"column":56},"end":{"line":190,"column":1}},"line":174},"5":{"name":"(anonymous_5)","decl":{"start":{"line":194,"column":47},"end":{"line":194,"column":48}},"loc":{"start":{"line":194,"column":67},"end":{"line":206,"column":1}},"line":194},"6":{"name":"(anonymous_6)","decl":{"start":{"line":209,"column":55},"end":{"line":209,"column":56}},"loc":{"start":{"line":209,"column":75},"end":{"line":280,"column":1}},"line":209}},"branchMap":{"0":{"loc":{"start":{"line":24,"column":9},"end":{"line":29,"column":26}},"type":"binary-expr","locations":[{"start":{"line":24,"column":9},"end":{"line":29,"column":17}},{"start":{"line":29,"column":21},"end":{"line":29,"column":26}}],"line":24},"1":{"loc":{"start":{"line":24,"column":16},"end":{"line":24,"column":26}},"type":"binary-expr","locations":[{"start":{"line":24,"column":16},"end":{"line":24,"column":20}},{"start":{"line":24,"column":24},"end":{"line":24,"column":26}}],"line":24},"2":{"loc":{"start":{"line":44,"column":22},"end":{"line":44,"column":38}},"type":"binary-expr","locations":[{"start":{"line":44,"column":22},"end":{"line":44,"column":26}},{"start":{"line":44,"column":30},"end":{"line":44,"column":38}}],"line":44},"3":{"loc":{"start":{"line":48,"column":4},"end":{"line":48,"column":30}},"type":"if","locations":[{"start":{"line":48,"column":4},"end":{"line":48,"column":30}},{"start":{},"end":{}}],"line":48},"4":{"loc":{"start":{"line":51,"column":4},"end":{"line":55,"column":5}},"type":"if","locations":[{"start":{"line":51,"column":4},"end":{"line":55,"column":5}},{"start":{},"end":{}}],"line":51},"5":{"loc":{"start":{"line":51,"column":8},"end":{"line":51,"column":80}},"type":"binary-expr","locations":[{"start":{"line":51,"column":8},"end":{"line":51,"column":21}},{"start":{"line":51,"column":25},"end":{"line":51,"column":80}}],"line":51},"6":{"loc":{"start":{"line":67,"column":2},"end":{"line":69,"column":3}},"type":"if","locations":[{"start":{"line":67,"column":2},"end":{"line":69,"column":3}},{"start":{},"end":{}}],"line":67},"7":{"loc":{"start":{"line":67,"column":6},"end":{"line":67,"column":28}},"type":"binary-expr","locations":[{"start":{"line":67,"column":6},"end":{"line":67,"column":15}},{"start":{"line":67,"column":19},"end":{"line":67,"column":28}}],"line":67},"8":{"loc":{"start":{"line":79,"column":2},"end":{"line":81,"column":3}},"type":"if","locations":[{"start":{"line":79,"column":2},"end":{"line":81,"column":3}},{"start":{},"end":{}}],"line":79},"9":{"loc":{"start":{"line":79,"column":6},"end":{"line":79,"column":43}},"type":"binary-expr","locations":[{"start":{"line":79,"column":6},"end":{"line":79,"column":11}},{"start":{"line":79,"column":15},"end":{"line":79,"column":21}},{"start":{"line":79,"column":25},"end":{"line":79,"column":43}}],"line":79},"10":{"loc":{"start":{"line":87,"column":2},"end":{"line":89,"column":3}},"type":"if","locations":[{"start":{"line":87,"column":2},"end":{"line":89,"column":3}},{"start":{},"end":{}}],"line":87},"11":{"loc":{"start":{"line":118,"column":2},"end":{"line":120,"column":3}},"type":"if","locations":[{"start":{"line":118,"column":2},"end":{"line":120,"column":3}},{"start":{},"end":{}}],"line":118},"12":{"loc":{"start":{"line":124,"column":2},"end":{"line":127,"column":3}},"type":"if","locations":[{"start":{"line":124,"column":2},"end":{"line":127,"column":3}},{"start":{},"end":{}}],"line":124},"13":{"loc":{"start":{"line":132,"column":2},"end":{"line":136,"column":3}},"type":"if","locations":[{"start":{"line":132,"column":2},"end":{"line":136,"column":3}},{"start":{},"end":{}}],"line":132},"14":{"loc":{"start":{"line":138,"column":2},"end":{"line":142,"column":3}},"type":"if","locations":[{"start":{"line":138,"column":2},"end":{"line":142,"column":3}},{"start":{},"end":{}}],"line":138},"15":{"loc":{"start":{"line":152,"column":2},"end":{"line":156,"column":3}},"type":"if","locations":[{"start":{"line":152,"column":2},"end":{"line":156,"column":3}},{"start":{},"end":{}}],"line":152},"16":{"loc":{"start":{"line":152,"column":6},"end":{"line":152,"column":24}},"type":"binary-expr","locations":[{"start":{"line":152,"column":6},"end":{"line":152,"column":15}},{"start":{"line":152,"column":19},"end":{"line":152,"column":24}}],"line":152},"17":{"loc":{"start":{"line":177,"column":2},"end":{"line":186,"column":3}},"type":"if","locations":[{"start":{"line":177,"column":2},"end":{"line":186,"column":3}},{"start":{},"end":{}}],"line":177},"18":{"loc":{"start":{"line":179,"column":4},"end":{"line":185,"column":5}},"type":"if","locations":[{"start":{"line":179,"column":4},"end":{"line":185,"column":5}},{"start":{},"end":{}}],"line":179},"19":{"loc":{"start":{"line":180,"column":6},"end":{"line":184,"column":7}},"type":"if","locations":[{"start":{"line":180,"column":6},"end":{"line":184,"column":7}},{"start":{"line":182,"column":13},"end":{"line":184,"column":7}}],"line":180},"20":{"loc":{"start":{"line":201,"column":2},"end":{"line":203,"column":3}},"type":"if","locations":[{"start":{"line":201,"column":2},"end":{"line":203,"column":3}},{"start":{},"end":{}}],"line":201},"21":{"loc":{"start":{"line":201,"column":6},"end":{"line":201,"column":20}},"type":"binary-expr","locations":[{"start":{"line":201,"column":6},"end":{"line":201,"column":11}},{"start":{"line":201,"column":15},"end":{"line":201,"column":20}}],"line":201},"22":{"loc":{"start":{"line":212,"column":2},"end":{"line":214,"column":3}},"type":"if","locations":[{"start":{"line":212,"column":2},"end":{"line":214,"column":3}},{"start":{},"end":{}}],"line":212},"23":{"loc":{"start":{"line":212,"column":6},"end":{"line":212,"column":38}},"type":"binary-expr","locations":[{"start":{"line":212,"column":6},"end":{"line":212,"column":15}},{"start":{"line":212,"column":19},"end":{"line":212,"column":25}},{"start":{"line":212,"column":29},"end":{"line":212,"column":38}}],"line":212},"24":{"loc":{"start":{"line":216,"column":2},"end":{"line":218,"column":3}},"type":"if","locations":[{"start":{"line":216,"column":2},"end":{"line":218,"column":3}},{"start":{},"end":{}}],"line":216},"25":{"loc":{"start":{"line":223,"column":2},"end":{"line":231,"column":3}},"type":"if","locations":[{"start":{"line":223,"column":2},"end":{"line":231,"column":3}},{"start":{},"end":{}}],"line":223},"26":{"loc":{"start":{"line":225,"column":4},"end":{"line":227,"column":5}},"type":"if","locations":[{"start":{"line":225,"column":4},"end":{"line":227,"column":5}},{"start":{},"end":{}}],"line":225},"27":{"loc":{"start":{"line":228,"column":4},"end":{"line":230,"column":5}},"type":"if","locations":[{"start":{"line":228,"column":4},"end":{"line":230,"column":5}},{"start":{},"end":{}}],"line":228},"28":{"loc":{"start":{"line":241,"column":2},"end":{"line":247,"column":3}},"type":"if","locations":[{"start":{"line":241,"column":2},"end":{"line":247,"column":3}},{"start":{"line":244,"column":9},"end":{"line":247,"column":3}}],"line":241},"29":{"loc":{"start":{"line":262,"column":2},"end":{"line":267,"column":3}},"type":"if","locations":[{"start":{"line":262,"column":2},"end":{"line":267,"column":3}},{"start":{},"end":{}}],"line":262},"30":{"loc":{"start":{"line":263,"column":4},"end":{"line":265,"column":5}},"type":"if","locations":[{"start":{"line":263,"column":4},"end":{"line":265,"column":5}},{"start":{},"end":{}}],"line":263},"31":{"loc":{"start":{"line":271,"column":2},"end":{"line":273,"column":3}},"type":"if","locations":[{"start":{"line":271,"column":2},"end":{"line":273,"column":3}},{"start":{},"end":{}}],"line":271},"32":{"loc":{"start":{"line":276,"column":13},"end":{"line":278,"column":38}},"type":"cond-expr","locations":[{"start":{"line":277,"column":8},"end":{"line":277,"column":62}},{"start":{"line":278,"column":8},"end":{"line":278,"column":38}}],"line":276}},"s":{"0":1,"1":1,"2":1,"3":1,"4":1,"5":1,"6":1,"7":1,"8":1,"9":3,"10":3,"11":3,"12":3,"13":3,"14":3,"15":3,"16":2,"17":1,"18":0,"19":0,"20":0,"21":1,"22":0,"23":1,"24":5,"25":5,"26":1,"27":4,"28":4,"29":3,"30":1,"31":2,"32":2,"33":2,"34":1,"35":1,"36":1,"37":1,"38":1,"39":1,"40":0,"41":0,"42":0,"43":0,"44":0,"45":0,"46":0,"47":0,"48":0,"49":0,"50":0,"51":0,"52":0,"53":0,"54":0,"55":0,"56":0,"57":0,"58":0,"59":0,"60":0,"61":0,"62":0,"63":0,"64":1,"65":0,"66":0,"67":0,"68":0,"69":0,"70":0,"71":0,"72":0,"73":0,"74":1,"75":0,"76":0,"77":0,"78":0,"79":1,"80":5,"81":5,"82":1,"83":4,"84":1,"85":3,"86":3,"87":0,"88":0,"89":0,"90":0,"91":0,"92":3,"93":3,"94":0,"95":0,"96":3,"97":2,"98":2,"99":2,"100":1,"101":1,"102":0,"103":1,"104":0,"105":1,"106":1},"f":{"0":3,"1":3,"2":5,"3":0,"4":0,"5":0,"6":5},"b":{"0":[3,0],"1":[3,0],"2":[3,0],"3":[2,1],"4":[0,1],"5":[1,1],"6":[1,4],"7":[5,5],"8":[1,2],"9":[3,3,3],"10":[1,1],"11":[0,0],"12":[0,0],"13":[0,0],"14":[0,0],"15":[0,0],"16":[0,0],"17":[0,0],"18":[0,0],"19":[0,0],"20":[0,0],"21":[0,0],"22":[1,4],"23":[5,5,4],"24":[1,3],"25":[0,3],"26":[0,0],"27":[0,0],"28":[0,3],"29":[1,1],"30":[1,0],"31":[0,1],"32":[0,1]},"_coverageSchema":"1a1c01bbd47fc00a2c39e90264f33305004495a9","hash":"95b4f415f5a3f900c37399ac21d83d19082ca4a4"}
,"/Users/a/techit-v2/server/routes/expenses.js": {"path":"/Users/a/techit-v2/server/routes/expenses.js","statementMap":{"0":{"start":{"line":1,"column":16},"end":{"line":1,"column":34}},"1":{"start":{"line":2,"column":15},"end":{"line":2,"column":31}},"2":{"start":{"line":3,"column":17},"end":{"line":3,"column":48}},"3":{"start":{"line":4,"column":44},"end":{"line":4,"column":73}},"4":{"start":{"line":5,"column":22},"end":{"line":5,"column":50}},"5":{"start":{"line":6,"column":25},"end":{"line":6,"column":57}},"6":{"start":{"line":7,"column":45},"end":{"line":7,"column":75}},"7":{"start":{"line":10,"column":0},"end":{"line":33,"column":3}},"8":{"start":{"line":11,"column":16},"end":{"line":11,"column":40}},"9":{"start":{"line":12,"column":23},"end":{"line":12,"column":32}},"10":{"start":{"line":13,"column":34},"end":{"line":13,"column":60}},"11":{"start":{"line":15,"column":14},"end":{"line":18,"column":33}},"12":{"start":{"line":20,"column":2},"end":{"line":20,"column":50}},"13":{"start":{"line":20,"column":12},"end":{"line":20,"column":50}},"14":{"start":{"line":21,"column":2},"end":{"line":21,"column":46}},"15":{"start":{"line":21,"column":10},"end":{"line":21,"column":46}},"16":{"start":{"line":23,"column":33},"end":{"line":25,"column":38}},"17":{"start":{"line":27,"column":2},"end":{"line":27,"column":24}},"18":{"start":{"line":27,"column":13},"end":{"line":27,"column":24}},"19":{"start":{"line":29,"column":2},"end":{"line":32,"column":4}},"20":{"start":{"line":36,"column":0},"end":{"line":70,"column":3}},"21":{"start":{"line":37,"column":57},"end":{"line":37,"column":65}},"22":{"start":{"line":38,"column":16},"end":{"line":38,"column":40}},"23":{"start":{"line":40,"column":16},"end":{"line":40,"column":34}},"24":{"start":{"line":42,"column":2},"end":{"line":44,"column":3}},"25":{"start":{"line":43,"column":4},"end":{"line":43,"column":69}},"26":{"start":{"line":45,"column":2},"end":{"line":47,"column":3}},"27":{"start":{"line":46,"column":4},"end":{"line":46,"column":76}},"28":{"start":{"line":49,"column":26},"end":{"line":60,"column":13}},"29":{"start":{"line":62,"column":2},"end":{"line":62,"column":24}},"30":{"start":{"line":62,"column":13},"end":{"line":62,"column":24}},"31":{"start":{"line":64,"column":2},"end":{"line":67,"column":11}},"32":{"start":{"line":69,"column":2},"end":{"line":69,"column":28}},"33":{"start":{"line":73,"column":0},"end":{"line":99,"column":3}},"34":{"start":{"line":74,"column":17},"end":{"line":74,"column":27}},"35":{"start":{"line":75,"column":16},"end":{"line":75,"column":40}},"36":{"start":{"line":77,"column":47},"end":{"line":82,"column":13}},"37":{"start":{"line":84,"column":2},"end":{"line":86,"column":3}},"38":{"start":{"line":85,"column":4},"end":{"line":85,"column":63}},"39":{"start":{"line":88,"column":20},"end":{"line":92,"column":33}},"40":{"start":{"line":94,"column":2},"end":{"line":94,"column":24}},"41":{"start":{"line":94,"column":13},"end":{"line":94,"column":24}},"42":{"start":{"line":96,"column":2},"end":{"line":96,"column":105}},"43":{"start":{"line":98,"column":2},"end":{"line":98,"column":24}},"44":{"start":{"line":101,"column":0},"end":{"line":101,"column":23}}},"fnMap":{"0":{"name":"(anonymous_0)","decl":{"start":{"line":10,"column":62},"end":{"line":10,"column":63}},"loc":{"start":{"line":10,"column":82},"end":{"line":33,"column":1}},"line":10},"1":{"name":"(anonymous_1)","decl":{"start":{"line":36,"column":63},"end":{"line":36,"column":64}},"loc":{"start":{"line":36,"column":83},"end":{"line":70,"column":1}},"line":36},"2":{"name":"(anonymous_2)","decl":{"start":{"line":73,"column":68},"end":{"line":73,"column":69}},"loc":{"start":{"line":73,"column":88},"end":{"line":99,"column":1}},"line":73}},"branchMap":{"0":{"loc":{"start":{"line":20,"column":2},"end":{"line":20,"column":50}},"type":"if","locations":[{"start":{"line":20,"column":2},"end":{"line":20,"column":50}},{"start":{},"end":{}}],"line":20},"1":{"loc":{"start":{"line":21,"column":2},"end":{"line":21,"column":46}},"type":"if","locations":[{"start":{"line":21,"column":2},"end":{"line":21,"column":46}},{"start":{},"end":{}}],"line":21},"2":{"loc":{"start":{"line":27,"column":2},"end":{"line":27,"column":24}},"type":"if","locations":[{"start":{"line":27,"column":2},"end":{"line":27,"column":24}},{"start":{},"end":{}}],"line":27},"3":{"loc":{"start":{"line":30,"column":11},"end":{"line":30,"column":21}},"type":"binary-expr","locations":[{"start":{"line":30,"column":11},"end":{"line":30,"column":15}},{"start":{"line":30,"column":19},"end":{"line":30,"column":21}}],"line":30},"4":{"loc":{"start":{"line":42,"column":2},"end":{"line":44,"column":3}},"type":"if","locations":[{"start":{"line":42,"column":2},"end":{"line":44,"column":3}},{"start":{},"end":{}}],"line":42},"5":{"loc":{"start":{"line":45,"column":2},"end":{"line":47,"column":3}},"type":"if","locations":[{"start":{"line":45,"column":2},"end":{"line":47,"column":3}},{"start":{},"end":{}}],"line":45},"6":{"loc":{"start":{"line":45,"column":6},"end":{"line":45,"column":42}},"type":"binary-expr","locations":[{"start":{"line":45,"column":6},"end":{"line":45,"column":29}},{"start":{"line":45,"column":33},"end":{"line":45,"column":42}}],"line":45},"7":{"loc":{"start":{"line":54,"column":16},"end":{"line":54,"column":37}},"type":"binary-expr","locations":[{"start":{"line":54,"column":16},"end":{"line":54,"column":24}},{"start":{"line":54,"column":28},"end":{"line":54,"column":37}}],"line":54},"8":{"loc":{"start":{"line":56,"column":19},"end":{"line":56,"column":71}},"type":"binary-expr","locations":[{"start":{"line":56,"column":19},"end":{"line":56,"column":30}},{"start":{"line":56,"column":34},"end":{"line":56,"column":71}}],"line":56},"9":{"loc":{"start":{"line":62,"column":2},"end":{"line":62,"column":24}},"type":"if","locations":[{"start":{"line":62,"column":2},"end":{"line":62,"column":24}},{"start":{},"end":{}}],"line":62},"10":{"loc":{"start":{"line":84,"column":2},"end":{"line":86,"column":3}},"type":"if","locations":[{"start":{"line":84,"column":2},"end":{"line":86,"column":3}},{"start":{},"end":{}}],"line":84},"11":{"loc":{"start":{"line":84,"column":6},"end":{"line":84,"column":28}},"type":"binary-expr","locations":[{"start":{"line":84,"column":6},"end":{"line":84,"column":16}},{"start":{"line":84,"column":20},"end":{"line":84,"column":28}}],"line":84},"12":{"loc":{"start":{"line":94,"column":2},"end":{"line":94,"column":24}},"type":"if","locations":[{"start":{"line":94,"column":2},"end":{"line":94,"column":24}},{"start":{},"end":{}}],"line":94}},"s":{"0":0,"1":0,"2":0,"3":0,"4":0,"5":0,"6":0,"7":0,"8":0,"9":0,"10":0,"11":0,"12":0,"13":0,"14":0,"15":0,"16":0,"17":0,"18":0,"19":0,"20":0,"21":0,"22":0,"23":0,"24":0,"25":0,"26":0,"27":0,"28":0,"29":0,"30":0,"31":0,"32":0,"33":0,"34":0,"35":0,"36":0,"37":0,"38":0,"39":0,"40":0,"41":0,"42":0,"43":0,"44":0},"f":{"0":0,"1":0,"2":0},"b":{"0":[0,0],"1":[0,0],"2":[0,0],"3":[0,0],"4":[0,0],"5":[0,0],"6":[0,0],"7":[0,0],"8":[0,0],"9":[0,0],"10":[0,0],"11":[0,0],"12":[0,0]}}
,"/Users/a/techit-v2/server/routes/invitations.js": {"path":"/Users/a/techit-v2/server/routes/invitations.js","statementMap":{"0":{"start":{"line":1,"column":16},"end":{"line":1,"column":34}},"1":{"start":{"line":2,"column":15},"end":{"line":2,"column":31}},"2":{"start":{"line":3,"column":17},"end":{"line":3,"column":48}},"3":{"start":{"line":4,"column":44},"end":{"line":4,"column":73}},"4":{"start":{"line":5,"column":64},"end":{"line":5,"column":98}},"5":{"start":{"line":6,"column":32},"end":{"line":6,"column":60}},"6":{"start":{"line":7,"column":22},"end":{"line":7,"column":50}},"7":{"start":{"line":8,"column":25},"end":{"line":8,"column":57}},"8":{"start":{"line":9,"column":29},"end":{"line":9,"column":65}},"9":{"start":{"line":17,"column":4},"end":{"line":19,"column":34}},"10":{"start":{"line":21,"column":2},"end":{"line":21,"column":63}},"11":{"start":{"line":26,"column":0},"end":{"line":49,"column":3}},"12":{"start":{"line":27,"column":20},"end":{"line":27,"column":29}},"13":{"start":{"line":28,"column":2},"end":{"line":28,"column":73}},"14":{"start":{"line":28,"column":14},"end":{"line":28,"column":73}},"15":{"start":{"line":30,"column":17},"end":{"line":30,"column":49}},"16":{"start":{"line":31,"column":2},"end":{"line":33,"column":3}},"17":{"start":{"line":32,"column":4},"end":{"line":32,"column":92}},"18":{"start":{"line":35,"column":39},"end":{"line":39,"column":13}},"19":{"start":{"line":41,"column":2},"end":{"line":41,"column":26}},"20":{"start":{"line":41,"column":14},"end":{"line":41,"column":26}},"21":{"start":{"line":43,"column":2},"end":{"line":48,"column":4}},"22":{"start":{"line":53,"column":0},"end":{"line":93,"column":3}},"23":{"start":{"line":54,"column":20},"end":{"line":54,"column":28}},"24":{"start":{"line":55,"column":2},"end":{"line":55,"column":73}},"25":{"start":{"line":55,"column":14},"end":{"line":55,"column":73}},"26":{"start":{"line":57,"column":17},"end":{"line":57,"column":49}},"27":{"start":{"line":58,"column":2},"end":{"line":58,"column":89}},"28":{"start":{"line":58,"column":15},"end":{"line":58,"column":89}},"29":{"start":{"line":62,"column":53},"end":{"line":66,"column":13}},"30":{"start":{"line":68,"column":2},"end":{"line":70,"column":3}},"31":{"start":{"line":69,"column":4},"end":{"line":69,"column":60}},"32":{"start":{"line":72,"column":2},"end":{"line":74,"column":3}},"33":{"start":{"line":73,"column":4},"end":{"line":73,"column":101}},"34":{"start":{"line":76,"column":29},"end":{"line":82,"column":26}},"35":{"start":{"line":84,"column":2},"end":{"line":84,"column":28}},"36":{"start":{"line":84,"column":15},"end":{"line":84,"column":28}},"37":{"start":{"line":86,"column":2},"end":{"line":86,"column":31}},"38":{"start":{"line":88,"column":2},"end":{"line":92,"column":4}},"39":{"start":{"line":96,"column":0},"end":{"line":107,"column":3}},"40":{"start":{"line":97,"column":16},"end":{"line":97,"column":40}},"41":{"start":{"line":99,"column":26},"end":{"line":103,"column":46}},"42":{"start":{"line":105,"column":2},"end":{"line":105,"column":24}},"43":{"start":{"line":105,"column":13},"end":{"line":105,"column":24}},"44":{"start":{"line":106,"column":2},"end":{"line":106,"column":22}},"45":{"start":{"line":110,"column":0},"end":{"line":180,"column":3}},"46":{"start":{"line":111,"column":26},"end":{"line":111,"column":34}},"47":{"start":{"line":112,"column":16},"end":{"line":112,"column":40}},"48":{"start":{"line":114,"column":2},"end":{"line":114,"column":73}},"49":{"start":{"line":114,"column":14},"end":{"line":114,"column":73}},"50":{"start":{"line":115,"column":2},"end":{"line":117,"column":3}},"51":{"start":{"line":116,"column":4},"end":{"line":116,"column":67}},"52":{"start":{"line":118,"column":2},"end":{"line":120,"column":3}},"53":{"start":{"line":119,"column":4},"end":{"line":119,"column":72}},"54":{"start":{"line":123,"column":33},"end":{"line":128,"column":18}},"55":{"start":{"line":130,"column":2},"end":{"line":132,"column":3}},"56":{"start":{"line":131,"column":4},"end":{"line":131,"column":98}},"57":{"start":{"line":134,"column":39},"end":{"line":138,"column":13}},"58":{"start":{"line":140,"column":2},"end":{"line":140,"column":26}},"59":{"start":{"line":140,"column":14},"end":{"line":140,"column":26}},"60":{"start":{"line":142,"column":17},"end":{"line":147,"column":4}},"61":{"start":{"line":149,"column":20},"end":{"line":149,"column":53}},"62":{"start":{"line":153,"column":16},"end":{"line":153,"column":20}},"63":{"start":{"line":154,"column":2},"end":{"line":165,"column":3}},"64":{"start":{"line":155,"column":4},"end":{"line":161,"column":6}},"65":{"start":{"line":163,"column":4},"end":{"line":163,"column":19}},"66":{"start":{"line":164,"column":4},"end":{"line":164,"column":63}},"67":{"start":{"line":167,"column":2},"end":{"line":169,"column":11}},"68":{"start":{"line":171,"column":2},"end":{"line":179,"column":4}},"69":{"start":{"line":183,"column":0},"end":{"line":212,"column":3}},"70":{"start":{"line":184,"column":17},"end":{"line":184,"column":27}},"71":{"start":{"line":185,"column":16},"end":{"line":185,"column":40}},"72":{"start":{"line":187,"column":46},"end":{"line":192,"column":13}},"73":{"start":{"line":194,"column":2},"end":{"line":196,"column":3}},"74":{"start":{"line":195,"column":4},"end":{"line":195,"column":66}},"75":{"start":{"line":198,"column":2},"end":{"line":200,"column":3}},"76":{"start":{"line":199,"column":4},"end":{"line":199,"column":85}},"77":{"start":{"line":202,"column":20},"end":{"line":207,"column":28}},"78":{"start":{"line":209,"column":2},"end":{"line":209,"column":24}},"79":{"start":{"line":209,"column":13},"end":{"line":209,"column":24}},"80":{"start":{"line":211,"column":2},"end":{"line":211,"column":24}},"81":{"start":{"line":214,"column":0},"end":{"line":214,"column":23}}},"fnMap":{"0":{"name":"buildAcceptUrl","decl":{"start":{"line":15,"column":9},"end":{"line":15,"column":23}},"loc":{"start":{"line":15,"column":36},"end":{"line":22,"column":1}},"line":15},"1":{"name":"(anonymous_1)","decl":{"start":{"line":26,"column":37},"end":{"line":26,"column":38}},"loc":{"start":{"line":26,"column":57},"end":{"line":49,"column":1}},"line":26},"2":{"name":"(anonymous_2)","decl":{"start":{"line":53,"column":52},"end":{"line":53,"column":53}},"loc":{"start":{"line":53,"column":72},"end":{"line":93,"column":1}},"line":53},"3":{"name":"(anonymous_3)","decl":{"start":{"line":96,"column":62},"end":{"line":96,"column":63}},"loc":{"start":{"line":96,"column":82},"end":{"line":107,"column":1}},"line":96},"4":{"name":"(anonymous_4)","decl":{"start":{"line":110,"column":81},"end":{"line":110,"column":82}},"loc":{"start":{"line":110,"column":101},"end":{"line":180,"column":1}},"line":110},"5":{"name":"(anonymous_5)","decl":{"start":{"line":183,"column":68},"end":{"line":183,"column":69}},"loc":{"start":{"line":183,"column":88},"end":{"line":212,"column":1}},"line":183}},"branchMap":{"0":{"loc":{"start":{"line":17,"column":4},"end":{"line":19,"column":34}},"type":"binary-expr","locations":[{"start":{"line":17,"column":5},"end":{"line":17,"column":27}},{"start":{"line":17,"column":31},"end":{"line":17,"column":72}},{"start":{"line":18,"column":5},"end":{"line":18,"column":23}},{"start":{"line":18,"column":27},"end":{"line":18,"column":64}},{"start":{"line":19,"column":4},"end":{"line":19,"column":34}}],"line":17},"1":{"loc":{"start":{"line":28,"column":2},"end":{"line":28,"column":73}},"type":"if","locations":[{"start":{"line":28,"column":2},"end":{"line":28,"column":73}},{"start":{},"end":{}}],"line":28},"2":{"loc":{"start":{"line":31,"column":2},"end":{"line":33,"column":3}},"type":"if","locations":[{"start":{"line":31,"column":2},"end":{"line":33,"column":3}},{"start":{},"end":{}}],"line":31},"3":{"loc":{"start":{"line":41,"column":2},"end":{"line":41,"column":26}},"type":"if","locations":[{"start":{"line":41,"column":2},"end":{"line":41,"column":26}},{"start":{},"end":{}}],"line":41},"4":{"loc":{"start":{"line":55,"column":2},"end":{"line":55,"column":73}},"type":"if","locations":[{"start":{"line":55,"column":2},"end":{"line":55,"column":73}},{"start":{},"end":{}}],"line":55},"5":{"loc":{"start":{"line":58,"column":2},"end":{"line":58,"column":89}},"type":"if","locations":[{"start":{"line":58,"column":2},"end":{"line":58,"column":89}},{"start":{},"end":{}}],"line":58},"6":{"loc":{"start":{"line":68,"column":2},"end":{"line":70,"column":3}},"type":"if","locations":[{"start":{"line":68,"column":2},"end":{"line":70,"column":3}},{"start":{},"end":{}}],"line":68},"7":{"loc":{"start":{"line":68,"column":6},"end":{"line":68,"column":34}},"type":"binary-expr","locations":[{"start":{"line":68,"column":6},"end":{"line":68,"column":18}},{"start":{"line":68,"column":22},"end":{"line":68,"column":34}}],"line":68},"8":{"loc":{"start":{"line":72,"column":2},"end":{"line":74,"column":3}},"type":"if","locations":[{"start":{"line":72,"column":2},"end":{"line":74,"column":3}},{"start":{},"end":{}}],"line":72},"9":{"loc":{"start":{"line":84,"column":2},"end":{"line":84,"column":28}},"type":"if","locations":[{"start":{"line":84,"column":2},"end":{"line":84,"column":28}},{"start":{},"end":{}}],"line":84},"10":{"loc":{"start":{"line":105,"column":2},"end":{"line":105,"column":24}},"type":"if","locations":[{"start":{"line":105,"column":2},"end":{"line":105,"column":24}},{"start":{},"end":{}}],"line":105},"11":{"loc":{"start":{"line":106,"column":11},"end":{"line":106,"column":21}},"type":"binary-expr","locations":[{"start":{"line":106,"column":11},"end":{"line":106,"column":15}},{"start":{"line":106,"column":19},"end":{"line":106,"column":21}}],"line":106},"12":{"loc":{"start":{"line":114,"column":2},"end":{"line":114,"column":73}},"type":"if","locations":[{"start":{"line":114,"column":2},"end":{"line":114,"column":73}},{"start":{},"end":{}}],"line":114},"13":{"loc":{"start":{"line":115,"column":2},"end":{"line":117,"column":3}},"type":"if","locations":[{"start":{"line":115,"column":2},"end":{"line":117,"column":3}},{"start":{},"end":{}}],"line":115},"14":{"loc":{"start":{"line":118,"column":2},"end":{"line":120,"column":3}},"type":"if","locations":[{"start":{"line":118,"column":2},"end":{"line":120,"column":3}},{"start":{},"end":{}}],"line":118},"15":{"loc":{"start":{"line":118,"column":6},"end":{"line":118,"column":47}},"type":"binary-expr","locations":[{"start":{"line":118,"column":6},"end":{"line":118,"column":10}},{"start":{"line":118,"column":14},"end":{"line":118,"column":47}}],"line":118},"16":{"loc":{"start":{"line":130,"column":2},"end":{"line":132,"column":3}},"type":"if","locations":[{"start":{"line":130,"column":2},"end":{"line":132,"column":3}},{"start":{},"end":{}}],"line":130},"17":{"loc":{"start":{"line":140,"column":2},"end":{"line":140,"column":26}},"type":"if","locations":[{"start":{"line":140,"column":2},"end":{"line":140,"column":26}},{"start":{},"end":{}}],"line":140},"18":{"loc":{"start":{"line":145,"column":10},"end":{"line":145,"column":24}},"type":"binary-expr","locations":[{"start":{"line":145,"column":10},"end":{"line":145,"column":14}},{"start":{"line":145,"column":18},"end":{"line":145,"column":24}}],"line":145},"19":{"loc":{"start":{"line":194,"column":2},"end":{"line":196,"column":3}},"type":"if","locations":[{"start":{"line":194,"column":2},"end":{"line":196,"column":3}},{"start":{},"end":{}}],"line":194},"20":{"loc":{"start":{"line":194,"column":6},"end":{"line":194,"column":27}},"type":"binary-expr","locations":[{"start":{"line":194,"column":6},"end":{"line":194,"column":16}},{"start":{"line":194,"column":20},"end":{"line":194,"column":27}}],"line":194},"21":{"loc":{"start":{"line":198,"column":2},"end":{"line":200,"column":3}},"type":"if","locations":[{"start":{"line":198,"column":2},"end":{"line":200,"column":3}},{"start":{},"end":{}}],"line":198},"22":{"loc":{"start":{"line":209,"column":2},"end":{"line":209,"column":24}},"type":"if","locations":[{"start":{"line":209,"column":2},"end":{"line":209,"column":24}},{"start":{},"end":{}}],"line":209}},"s":{"0":0,"1":0,"2":0,"3":0,"4":0,"5":0,"6":0,"7":0,"8":0,"9":0,"10":0,"11":0,"12":0,"13":0,"14":0,"15":0,"16":0,"17":0,"18":0,"19":0,"20":0,"21":0,"22":0,"23":0,"24":0,"25":0,"26":0,"27":0,"28":0,"29":0,"30":0,"31":0,"32":0,"33":0,"34":0,"35":0,"36":0,"37":0,"38":0,"39":0,"40":0,"41":0,"42":0,"43":0,"44":0,"45":0,"46":0,"47":0,"48":0,"49":0,"50":0,"51":0,"52":0,"53":0,"54":0,"55":0,"56":0,"57":0,"58":0,"59":0,"60":0,"61":0,"62":0,"63":0,"64":0,"65":0,"66":0,"67":0,"68":0,"69":0,"70":0,"71":0,"72":0,"73":0,"74":0,"75":0,"76":0,"77":0,"78":0,"79":0,"80":0,"81":0},"f":{"0":0,"1":0,"2":0,"3":0,"4":0,"5":0},"b":{"0":[0,0,0,0,0],"1":[0,0],"2":[0,0],"3":[0,0],"4":[0,0],"5":[0,0],"6":[0,0],"7":[0,0],"8":[0,0],"9":[0,0],"10":[0,0],"11":[0,0],"12":[0,0],"13":[0,0],"14":[0,0],"15":[0,0],"16":[0,0],"17":[0,0],"18":[0,0],"19":[0,0],"20":[0,0],"21":[0,0],"22":[0,0]}}
,"/Users/a/techit-v2/server/routes/items.js": {"path":"/Users/a/techit-v2/server/routes/items.js","statementMap":{"0":{"start":{"line":1,"column":16},"end":{"line":1,"column":34}},"1":{"start":{"line":2,"column":15},"end":{"line":2,"column":31}},"2":{"start":{"line":3,"column":17},"end":{"line":3,"column":48}},"3":{"start":{"line":4,"column":44},"end":{"line":4,"column":73}},"4":{"start":{"line":5,"column":22},"end":{"line":5,"column":50}},"5":{"start":{"line":6,"column":30},"end":{"line":6,"column":58}},"6":{"start":{"line":7,"column":19},"end":{"line":7,"column":38}},"7":{"start":{"line":8,"column":46},"end":{"line":8,"column":79}},"8":{"start":{"line":9,"column":25},"end":{"line":9,"column":57}},"9":{"start":{"line":10,"column":29},"end":{"line":10,"column":65}},"10":{"start":{"line":11,"column":45},"end":{"line":11,"column":75}},"11":{"start":{"line":12,"column":49},"end":{"line":12,"column":81}},"12":{"start":{"line":13,"column":32},"end":{"line":13,"column":62}},"13":{"start":{"line":17,"column":24},"end":{"line":17,"column":29}},"14":{"start":{"line":20,"column":0},"end":{"line":56,"column":3}},"15":{"start":{"line":21,"column":40},"end":{"line":21,"column":49}},"16":{"start":{"line":22,"column":16},"end":{"line":22,"column":40}},"17":{"start":{"line":24,"column":34},"end":{"line":24,"column":60}},"18":{"start":{"line":26,"column":14},"end":{"line":29,"column":33}},"19":{"start":{"line":31,"column":2},"end":{"line":33,"column":3}},"20":{"start":{"line":32,"column":4},"end":{"line":32,"column":42}},"21":{"start":{"line":35,"column":2},"end":{"line":38,"column":3}},"22":{"start":{"line":36,"column":29},"end":{"line":36,"column":58}},"23":{"start":{"line":37,"column":4},"end":{"line":37,"column":125}},"24":{"start":{"line":40,"column":33},"end":{"line":42,"column":38}},"25":{"start":{"line":44,"column":2},"end":{"line":44,"column":24}},"26":{"start":{"line":44,"column":13},"end":{"line":44,"column":24}},"27":{"start":{"line":46,"column":14},"end":{"line":46,"column":44}},"28":{"start":{"line":48,"column":2},"end":{"line":50,"column":3}},"29":{"start":{"line":49,"column":4},"end":{"line":49,"column":50}},"30":{"start":{"line":49,"column":30},"end":{"line":49,"column":49}},"31":{"start":{"line":52,"column":2},"end":{"line":55,"column":4}},"32":{"start":{"line":60,"column":0},"end":{"line":85,"column":3}},"33":{"start":{"line":61,"column":16},"end":{"line":61,"column":40}},"34":{"start":{"line":62,"column":14},"end":{"line":62,"column":49}},"35":{"start":{"line":64,"column":2},"end":{"line":64,"column":71}},"36":{"start":{"line":64,"column":12},"end":{"line":64,"column":71}},"37":{"start":{"line":66,"column":26},"end":{"line":71,"column":18}},"38":{"start":{"line":73,"column":2},"end":{"line":73,"column":24}},"39":{"start":{"line":73,"column":13},"end":{"line":73,"column":24}},"40":{"start":{"line":75,"column":2},"end":{"line":79,"column":3}},"41":{"start":{"line":78,"column":4},"end":{"line":78,"column":54}},"42":{"start":{"line":81,"column":2},"end":{"line":84,"column":4}},"43":{"start":{"line":88,"column":0},"end":{"line":127,"column":3}},"44":{"start":{"line":89,"column":16},"end":{"line":89,"column":40}},"45":{"start":{"line":93,"column":26},"end":{"line":97,"column":27}},"46":{"start":{"line":99,"column":2},"end":{"line":99,"column":24}},"47":{"start":{"line":99,"column":13},"end":{"line":99,"column":24}},"48":{"start":{"line":101,"column":16},"end":{"line":101,"column":40}},"49":{"start":{"line":103,"column":18},"end":{"line":116,"column":3}},"50":{"start":{"line":105,"column":33},"end":{"line":105,"column":57}},"51":{"start":{"line":106,"column":36},"end":{"line":106,"column":63}},"52":{"start":{"line":107,"column":42},"end":{"line":107,"column":70}},"53":{"start":{"line":108,"column":47},"end":{"line":108,"column":97}},"54":{"start":{"line":109,"column":43},"end":{"line":109,"column":53}},"55":{"start":{"line":112,"column":36},"end":{"line":112,"column":59}},"56":{"start":{"line":113,"column":37},"end":{"line":113,"column":61}},"57":{"start":{"line":114,"column":40},"end":{"line":114,"column":67}},"58":{"start":{"line":118,"column":2},"end":{"line":124,"column":4}},"59":{"start":{"line":119,"column":4},"end":{"line":121,"column":5}},"60":{"start":{"line":120,"column":6},"end":{"line":120,"column":65}},"61":{"start":{"line":122,"column":4},"end":{"line":122,"column":46}},"62":{"start":{"line":123,"column":4},"end":{"line":123,"column":74}},"63":{"start":{"line":126,"column":2},"end":{"line":126,"column":19}},"64":{"start":{"line":130,"column":0},"end":{"line":154,"column":3}},"65":{"start":{"line":131,"column":16},"end":{"line":131,"column":40}},"66":{"start":{"line":133,"column":26},"end":{"line":137,"column":18}},"67":{"start":{"line":139,"column":2},"end":{"line":139,"column":24}},"68":{"start":{"line":139,"column":13},"end":{"line":139,"column":24}},"69":{"start":{"line":141,"column":16},"end":{"line":144,"column":5}},"70":{"start":{"line":141,"column":34},"end":{"line":144,"column":3}},"71":{"start":{"line":146,"column":17},"end":{"line":148,"column":4}},"72":{"start":{"line":149,"column":14},"end":{"line":149,"column":33}},"73":{"start":{"line":151,"column":2},"end":{"line":151,"column":43}},"74":{"start":{"line":152,"column":2},"end":{"line":152,"column":83}},"75":{"start":{"line":153,"column":2},"end":{"line":153,"column":15}},"76":{"start":{"line":157,"column":0},"end":{"line":221,"column":3}},"77":{"start":{"line":158,"column":104},"end":{"line":158,"column":112}},"78":{"start":{"line":159,"column":16},"end":{"line":159,"column":40}},"79":{"start":{"line":161,"column":2},"end":{"line":163,"column":3}},"80":{"start":{"line":162,"column":4},"end":{"line":162,"column":81}},"81":{"start":{"line":165,"column":26},"end":{"line":178,"column":13}},"82":{"start":{"line":180,"column":2},"end":{"line":185,"column":3}},"83":{"start":{"line":181,"column":4},"end":{"line":183,"column":5}},"84":{"start":{"line":182,"column":6},"end":{"line":182,"column":66}},"85":{"start":{"line":184,"column":4},"end":{"line":184,"column":15}},"86":{"start":{"line":187,"column":25},"end":{"line":190,"column":3}},"87":{"start":{"line":192,"column":2},"end":{"line":192,"column":109}},"88":{"start":{"line":196,"column":2},"end":{"line":209,"column":3}},"89":{"start":{"line":197,"column":4},"end":{"line":208,"column":6}},"90":{"start":{"line":211,"column":2},"end":{"line":218,"column":3}},"91":{"start":{"line":212,"column":4},"end":{"line":216,"column":5}},"92":{"start":{"line":213,"column":6},"end":{"line":213,"column":47}},"93":{"start":{"line":215,"column":6},"end":{"line":215,"column":82}},"94":{"start":{"line":217,"column":4},"end":{"line":217,"column":44}},"95":{"start":{"line":220,"column":2},"end":{"line":220,"column":38}},"96":{"start":{"line":224,"column":0},"end":{"line":295,"column":3}},"97":{"start":{"line":225,"column":17},"end":{"line":225,"column":27}},"98":{"start":{"line":226,"column":104},"end":{"line":226,"column":112}},"99":{"start":{"line":227,"column":16},"end":{"line":227,"column":40}},"100":{"start":{"line":229,"column":44},"end":{"line":234,"column":13}},"101":{"start":{"line":236,"column":2},"end":{"line":238,"column":3}},"102":{"start":{"line":237,"column":4},"end":{"line":237,"column":60}},"103":{"start":{"line":240,"column":21},"end":{"line":240,"column":75}},"104":{"start":{"line":242,"column":26},"end":{"line":255,"column":13}},"105":{"start":{"line":257,"column":2},"end":{"line":257,"column":24}},"106":{"start":{"line":257,"column":13},"end":{"line":257,"column":24}},"107":{"start":{"line":259,"column":25},"end":{"line":262,"column":3}},"108":{"start":{"line":264,"column":2},"end":{"line":267,"column":11}},"109":{"start":{"line":271,"column":2},"end":{"line":281,"column":4}},"110":{"start":{"line":285,"column":2},"end":{"line":292,"column":3}},"111":{"start":{"line":286,"column":4},"end":{"line":290,"column":5}},"112":{"start":{"line":287,"column":6},"end":{"line":287,"column":47}},"113":{"start":{"line":289,"column":6},"end":{"line":289,"column":84}},"114":{"start":{"line":291,"column":4},"end":{"line":291,"column":44}},"115":{"start":{"line":294,"column":2},"end":{"line":294,"column":26}},"116":{"start":{"line":298,"column":0},"end":{"line":324,"column":3}},"117":{"start":{"line":299,"column":17},"end":{"line":299,"column":27}},"118":{"start":{"line":300,"column":16},"end":{"line":300,"column":40}},"119":{"start":{"line":302,"column":44},"end":{"line":307,"column":13}},"120":{"start":{"line":309,"column":2},"end":{"line":311,"column":3}},"121":{"start":{"line":310,"column":4},"end":{"line":310,"column":60}},"122":{"start":{"line":313,"column":20},"end":{"line":317,"column":33}},"123":{"start":{"line":319,"column":2},"end":{"line":319,"column":24}},"124":{"start":{"line":319,"column":13},"end":{"line":319,"column":24}},"125":{"start":{"line":321,"column":2},"end":{"line":321,"column":92}},"126":{"start":{"line":323,"column":2},"end":{"line":323,"column":24}},"127":{"start":{"line":326,"column":0},"end":{"line":326,"column":23}}},"fnMap":{"0":{"name":"(anonymous_0)","decl":{"start":{"line":20,"column":45},"end":{"line":20,"column":46}},"loc":{"start":{"line":20,"column":65},"end":{"line":56,"column":1}},"line":20},"1":{"name":"(anonymous_1)","decl":{"start":{"line":49,"column":25},"end":{"line":49,"column":26}},"loc":{"start":{"line":49,"column":30},"end":{"line":49,"column":49}},"line":49},"2":{"name":"(anonymous_2)","decl":{"start":{"line":60,"column":53},"end":{"line":60,"column":54}},"loc":{"start":{"line":60,"column":73},"end":{"line":85,"column":1}},"line":60},"3":{"name":"(anonymous_3)","decl":{"start":{"line":88,"column":52},"end":{"line":88,"column":53}},"loc":{"start":{"line":88,"column":72},"end":{"line":127,"column":1}},"line":88},"4":{"name":"(anonymous_4)","decl":{"start":{"line":105,"column":28},"end":{"line":105,"column":29}},"loc":{"start":{"line":105,"column":33},"end":{"line":105,"column":57}},"line":105},"5":{"name":"(anonymous_5)","decl":{"start":{"line":106,"column":31},"end":{"line":106,"column":32}},"loc":{"start":{"line":106,"column":36},"end":{"line":106,"column":63}},"line":106},"6":{"name":"(anonymous_6)","decl":{"start":{"line":107,"column":30},"end":{"line":107,"column":31}},"loc":{"start":{"line":107,"column":42},"end":{"line":107,"column":70}},"line":107},"7":{"name":"(anonymous_7)","decl":{"start":{"line":108,"column":35},"end":{"line":108,"column":36}},"loc":{"start":{"line":108,"column":47},"end":{"line":108,"column":97}},"line":108},"8":{"name":"(anonymous_8)","decl":{"start":{"line":109,"column":38},"end":{"line":109,"column":39}},"loc":{"start":{"line":109,"column":43},"end":{"line":109,"column":53}},"line":109},"9":{"name":"(anonymous_9)","decl":{"start":{"line":112,"column":31},"end":{"line":112,"column":32}},"loc":{"start":{"line":112,"column":36},"end":{"line":112,"column":59}},"line":112},"10":{"name":"(anonymous_10)","decl":{"start":{"line":113,"column":32},"end":{"line":113,"column":33}},"loc":{"start":{"line":113,"column":37},"end":{"line":113,"column":61}},"line":113},"11":{"name":"(anonymous_11)","decl":{"start":{"line":114,"column":35},"end":{"line":114,"column":36}},"loc":{"start":{"line":114,"column":40},"end":{"line":114,"column":67}},"line":114},"12":{"name":"(anonymous_12)","decl":{"start":{"line":118,"column":16},"end":{"line":118,"column":17}},"loc":{"start":{"line":118,"column":24},"end":{"line":124,"column":3}},"line":118},"13":{"name":"(anonymous_13)","decl":{"start":{"line":130,"column":69},"end":{"line":130,"column":70}},"loc":{"start":{"line":130,"column":89},"end":{"line":154,"column":1}},"line":130},"14":{"name":"(anonymous_14)","decl":{"start":{"line":141,"column":25},"end":{"line":141,"column":26}},"loc":{"start":{"line":141,"column":34},"end":{"line":144,"column":3}},"line":141},"15":{"name":"(anonymous_15)","decl":{"start":{"line":157,"column":63},"end":{"line":157,"column":64}},"loc":{"start":{"line":157,"column":83},"end":{"line":221,"column":1}},"line":157},"16":{"name":"(anonymous_16)","decl":{"start":{"line":224,"column":65},"end":{"line":224,"column":66}},"loc":{"start":{"line":224,"column":85},"end":{"line":295,"column":1}},"line":224},"17":{"name":"(anonymous_17)","decl":{"start":{"line":298,"column":68},"end":{"line":298,"column":69}},"loc":{"start":{"line":298,"column":88},"end":{"line":324,"column":1}},"line":298}},"branchMap":{"0":{"loc":{"start":{"line":31,"column":2},"end":{"line":33,"column":3}},"type":"if","locations":[{"start":{"line":31,"column":2},"end":{"line":33,"column":3}},{"start":{},"end":{}}],"line":31},"1":{"loc":{"start":{"line":31,"column":6},"end":{"line":31,"column":36}},"type":"binary-expr","locations":[{"start":{"line":31,"column":6},"end":{"line":31,"column":14}},{"start":{"line":31,"column":18},"end":{"line":31,"column":36}}],"line":31},"2":{"loc":{"start":{"line":35,"column":2},"end":{"line":38,"column":3}},"type":"if","locations":[{"start":{"line":35,"column":2},"end":{"line":38,"column":3}},{"start":{},"end":{}}],"line":35},"3":{"loc":{"start":{"line":44,"column":2},"end":{"line":44,"column":24}},"type":"if","locations":[{"start":{"line":44,"column":2},"end":{"line":44,"column":24}},{"start":{},"end":{}}],"line":44},"4":{"loc":{"start":{"line":46,"column":33},"end":{"line":46,"column":43}},"type":"binary-expr","locations":[{"start":{"line":46,"column":33},"end":{"line":46,"column":37}},{"start":{"line":46,"column":41},"end":{"line":46,"column":43}}],"line":46},"5":{"loc":{"start":{"line":48,"column":2},"end":{"line":50,"column":3}},"type":"if","locations":[{"start":{"line":48,"column":2},"end":{"line":50,"column":3}},{"start":{},"end":{}}],"line":48},"6":{"loc":{"start":{"line":48,"column":6},"end":{"line":48,"column":32}},"type":"binary-expr","locations":[{"start":{"line":48,"column":6},"end":{"line":48,"column":12}},{"start":{"line":48,"column":16},"end":{"line":48,"column":32}}],"line":48},"7":{"loc":{"start":{"line":62,"column":21},"end":{"line":62,"column":41}},"type":"binary-expr","locations":[{"start":{"line":62,"column":21},"end":{"line":62,"column":35}},{"start":{"line":62,"column":39},"end":{"line":62,"column":41}}],"line":62},"8":{"loc":{"start":{"line":64,"column":2},"end":{"line":64,"column":71}},"type":"if","locations":[{"start":{"line":64,"column":2},"end":{"line":64,"column":71}},{"start":{},"end":{}}],"line":64},"9":{"loc":{"start":{"line":73,"column":2},"end":{"line":73,"column":24}},"type":"if","locations":[{"start":{"line":73,"column":2},"end":{"line":73,"column":24}},{"start":{},"end":{}}],"line":73},"10":{"loc":{"start":{"line":75,"column":2},"end":{"line":79,"column":3}},"type":"if","locations":[{"start":{"line":75,"column":2},"end":{"line":79,"column":3}},{"start":{},"end":{}}],"line":75},"11":{"loc":{"start":{"line":99,"column":2},"end":{"line":99,"column":24}},"type":"if","locations":[{"start":{"line":99,"column":2},"end":{"line":99,"column":24}},{"start":{},"end":{}}],"line":99},"12":{"loc":{"start":{"line":108,"column":65},"end":{"line":108,"column":82}},"type":"binary-expr","locations":[{"start":{"line":108,"column":65},"end":{"line":108,"column":77}},{"start":{"line":108,"column":81},"end":{"line":108,"column":82}}],"line":108},"13":{"loc":{"start":{"line":119,"column":4},"end":{"line":121,"column":5}},"type":"if","locations":[{"start":{"line":119,"column":4},"end":{"line":121,"column":5}},{"start":{},"end":{}}],"line":119},"14":{"loc":{"start":{"line":139,"column":2},"end":{"line":139,"column":24}},"type":"if","locations":[{"start":{"line":139,"column":2},"end":{"line":139,"column":24}},{"start":{},"end":{}}],"line":139},"15":{"loc":{"start":{"line":143,"column":41},"end":{"line":143,"column":71}},"type":"binary-expr","locations":[{"start":{"line":143,"column":41},"end":{"line":143,"column":65}},{"start":{"line":143,"column":69},"end":{"line":143,"column":71}}],"line":143},"16":{"loc":{"start":{"line":161,"column":2},"end":{"line":163,"column":3}},"type":"if","locations":[{"start":{"line":161,"column":2},"end":{"line":163,"column":3}},{"start":{},"end":{}}],"line":161},"17":{"loc":{"start":{"line":161,"column":6},"end":{"line":161,"column":32}},"type":"binary-expr","locations":[{"start":{"line":161,"column":6},"end":{"line":161,"column":11}},{"start":{"line":161,"column":15},"end":{"line":161,"column":19}},{"start":{"line":161,"column":23},"end":{"line":161,"column":32}}],"line":161},"18":{"loc":{"start":{"line":170,"column":16},"end":{"line":170,"column":29}},"type":"binary-expr","locations":[{"start":{"line":170,"column":16},"end":{"line":170,"column":24}},{"start":{"line":170,"column":28},"end":{"line":170,"column":29}}],"line":170},"19":{"loc":{"start":{"line":171,"column":13},"end":{"line":171,"column":23}},"type":"binary-expr","locations":[{"start":{"line":171,"column":13},"end":{"line":171,"column":18}},{"start":{"line":171,"column":22},"end":{"line":171,"column":23}}],"line":171},"20":{"loc":{"start":{"line":172,"column":18},"end":{"line":172,"column":33}},"type":"binary-expr","locations":[{"start":{"line":172,"column":18},"end":{"line":172,"column":28}},{"start":{"line":172,"column":32},"end":{"line":172,"column":33}}],"line":172},"21":{"loc":{"start":{"line":173,"column":16},"end":{"line":173,"column":30}},"type":"binary-expr","locations":[{"start":{"line":173,"column":16},"end":{"line":173,"column":24}},{"start":{"line":173,"column":28},"end":{"line":173,"column":30}}],"line":173},"22":{"loc":{"start":{"line":174,"column":16},"end":{"line":174,"column":30}},"type":"binary-expr","locations":[{"start":{"line":174,"column":16},"end":{"line":174,"column":24}},{"start":{"line":174,"column":28},"end":{"line":174,"column":30}}],"line":174},"23":{"loc":{"start":{"line":175,"column":27},"end":{"line":175,"column":52}},"type":"binary-expr","locations":[{"start":{"line":175,"column":27},"end":{"line":175,"column":46}},{"start":{"line":175,"column":50},"end":{"line":175,"column":52}}],"line":175},"24":{"loc":{"start":{"line":180,"column":2},"end":{"line":185,"column":3}},"type":"if","locations":[{"start":{"line":180,"column":2},"end":{"line":185,"column":3}},{"start":{},"end":{}}],"line":180},"25":{"loc":{"start":{"line":181,"column":4},"end":{"line":183,"column":5}},"type":"if","locations":[{"start":{"line":181,"column":4},"end":{"line":183,"column":5}},{"start":{},"end":{}}],"line":181},"26":{"loc":{"start":{"line":196,"column":2},"end":{"line":209,"column":3}},"type":"if","locations":[{"start":{"line":196,"column":2},"end":{"line":209,"column":3}},{"start":{},"end":{}}],"line":196},"27":{"loc":{"start":{"line":211,"column":2},"end":{"line":218,"column":3}},"type":"if","locations":[{"start":{"line":211,"column":2},"end":{"line":218,"column":3}},{"start":{},"end":{}}],"line":211},"28":{"loc":{"start":{"line":236,"column":2},"end":{"line":238,"column":3}},"type":"if","locations":[{"start":{"line":236,"column":2},"end":{"line":238,"column":3}},{"start":{},"end":{}}],"line":236},"29":{"loc":{"start":{"line":236,"column":6},"end":{"line":236,"column":25}},"type":"binary-expr","locations":[{"start":{"line":236,"column":6},"end":{"line":236,"column":16}},{"start":{"line":236,"column":20},"end":{"line":236,"column":25}}],"line":236},"30":{"loc":{"start":{"line":246,"column":18},"end":{"line":246,"column":33}},"type":"binary-expr","locations":[{"start":{"line":246,"column":18},"end":{"line":246,"column":28}},{"start":{"line":246,"column":32},"end":{"line":246,"column":33}}],"line":246},"31":{"loc":{"start":{"line":247,"column":16},"end":{"line":247,"column":30}},"type":"binary-expr","locations":[{"start":{"line":247,"column":16},"end":{"line":247,"column":24}},{"start":{"line":247,"column":28},"end":{"line":247,"column":30}}],"line":247},"32":{"loc":{"start":{"line":248,"column":16},"end":{"line":248,"column":30}},"type":"binary-expr","locations":[{"start":{"line":248,"column":16},"end":{"line":248,"column":24}},{"start":{"line":248,"column":28},"end":{"line":248,"column":30}}],"line":248},"33":{"loc":{"start":{"line":249,"column":27},"end":{"line":249,"column":52}},"type":"binary-expr","locations":[{"start":{"line":249,"column":27},"end":{"line":249,"column":46}},{"start":{"line":249,"column":50},"end":{"line":249,"column":52}}],"line":249},"34":{"loc":{"start":{"line":257,"column":2},"end":{"line":257,"column":24}},"type":"if","locations":[{"start":{"line":257,"column":2},"end":{"line":257,"column":24}},{"start":{},"end":{}}],"line":257},"35":{"loc":{"start":{"line":276,"column":18},"end":{"line":276,"column":48}},"type":"binary-expr","locations":[{"start":{"line":276,"column":18},"end":{"line":276,"column":40}},{"start":{"line":276,"column":44},"end":{"line":276,"column":48}}],"line":276},"36":{"loc":{"start":{"line":277,"column":12},"end":{"line":277,"column":57}},"type":"binary-expr","locations":[{"start":{"line":277,"column":12},"end":{"line":277,"column":36}},{"start":{"line":277,"column":40},"end":{"line":277,"column":57}}],"line":277},"37":{"loc":{"start":{"line":285,"column":2},"end":{"line":292,"column":3}},"type":"if","locations":[{"start":{"line":285,"column":2},"end":{"line":292,"column":3}},{"start":{},"end":{}}],"line":285},"38":{"loc":{"start":{"line":285,"column":6},"end":{"line":285,"column":71}},"type":"binary-expr","locations":[{"start":{"line":285,"column":6},"end":{"line":285,"column":31}},{"start":{"line":285,"column":35},"end":{"line":285,"column":71}}],"line":285},"39":{"loc":{"start":{"line":309,"column":2},"end":{"line":311,"column":3}},"type":"if","locations":[{"start":{"line":309,"column":2},"end":{"line":311,"column":3}},{"start":{},"end":{}}],"line":309},"40":{"loc":{"start":{"line":309,"column":6},"end":{"line":309,"column":25}},"type":"binary-expr","locations":[{"start":{"line":309,"column":6},"end":{"line":309,"column":16}},{"start":{"line":309,"column":20},"end":{"line":309,"column":25}}],"line":309},"41":{"loc":{"start":{"line":319,"column":2},"end":{"line":319,"column":24}},"type":"if","locations":[{"start":{"line":319,"column":2},"end":{"line":319,"column":24}},{"start":{},"end":{}}],"line":319}},"s":{"0":1,"1":1,"2":1,"3":1,"4":1,"5":1,"6":1,"7":1,"8":1,"9":1,"10":1,"11":1,"12":1,"13":1,"14":1,"15":5,"16":5,"17":5,"18":5,"19":5,"20":0,"21":5,"22":0,"23":0,"24":5,"25":5,"26":1,"27":4,"28":4,"29":1,"30":3,"31":4,"32":1,"33":2,"34":2,"35":2,"36":0,"37":2,"38":2,"39":0,"40":2,"41":1,"42":1,"43":1,"44":2,"45":2,"46":2,"47":1,"48":1,"49":1,"50":3,"51":3,"52":3,"53":3,"54":3,"55":3,"56":3,"57":3,"58":1,"59":3,"60":2,"61":3,"62":3,"63":1,"64":1,"65":2,"66":2,"67":2,"68":1,"69":1,"70":3,"71":1,"72":1,"73":1,"74":1,"75":1,"76":1,"77":4,"78":4,"79":4,"80":1,"81":3,"82":3,"83":1,"84":1,"85":0,"86":2,"87":2,"88":2,"89":2,"90":2,"91":1,"92":1,"93":0,"94":1,"95":2,"96":1,"97":2,"98":2,"99":2,"100":2,"101":2,"102":1,"103":1,"104":1,"105":1,"106":0,"107":1,"108":1,"109":1,"110":1,"111":0,"112":0,"113":0,"114":0,"115":1,"116":1,"117":2,"118":2,"119":2,"120":2,"121":1,"122":1,"123":1,"124":0,"125":1,"126":1,"127":1},"f":{"0":5,"1":3,"2":2,"3":2,"4":3,"5":3,"6":3,"7":3,"8":3,"9":3,"10":3,"11":3,"12":3,"13":2,"14":3,"15":4,"16":2,"17":2},"b":{"0":[0,5],"1":[5,0],"2":[0,5],"3":[1,4],"4":[4,0],"5":[1,3],"6":[4,1],"7":[2,0],"8":[0,2],"9":[0,2],"10":[1,1],"11":[1,1],"12":[3,0],"13":[2,1],"14":[1,1],"15":[3,0],"16":[1,3],"17":[4,4,3],"18":[3,1],"19":[3,2],"20":[3,3],"21":[3,3],"22":[3,3],"23":[3,3],"24":[1,2],"25":[1,0],"26":[2,0],"27":[1,1],"28":[1,1],"29":[2,1],"30":[1,1],"31":[1,1],"32":[1,1],"33":[1,1],"34":[0,1],"35":[1,1],"36":[1,1],"37":[0,1],"38":[1,1],"39":[1,1],"40":[2,1],"41":[0,1]},"_coverageSchema":"1a1c01bbd47fc00a2c39e90264f33305004495a9","hash":"686298abf5eee233dd9f31339a81d5bea884a53a"}
,"/Users/a/techit-v2/server/routes/movements.js": {"path":"/Users/a/techit-v2/server/routes/movements.js","statementMap":{"0":{"start":{"line":1,"column":16},"end":{"line":1,"column":34}},"1":{"start":{"line":2,"column":15},"end":{"line":2,"column":31}},"2":{"start":{"line":3,"column":17},"end":{"line":3,"column":48}},"3":{"start":{"line":4,"column":44},"end":{"line":4,"column":73}},"4":{"start":{"line":5,"column":25},"end":{"line":5,"column":57}},"5":{"start":{"line":6,"column":45},"end":{"line":6,"column":75}},"6":{"start":{"line":7,"column":26},"end":{"line":7,"column":59}},"7":{"start":{"line":8,"column":22},"end":{"line":8,"column":50}},"8":{"start":{"line":9,"column":30},"end":{"line":9,"column":58}},"9":{"start":{"line":10,"column":57},"end":{"line":10,"column":89}},"10":{"start":{"line":11,"column":32},"end":{"line":11,"column":62}},"11":{"start":{"line":14,"column":0},"end":{"line":45,"column":3}},"12":{"start":{"line":15,"column":16},"end":{"line":15,"column":40}},"13":{"start":{"line":16,"column":38},"end":{"line":16,"column":47}},"14":{"start":{"line":17,"column":34},"end":{"line":17,"column":60}},"15":{"start":{"line":19,"column":14},"end":{"line":22,"column":33}},"16":{"start":{"line":24,"column":2},"end":{"line":29,"column":3}},"17":{"start":{"line":25,"column":4},"end":{"line":27,"column":5}},"18":{"start":{"line":26,"column":6},"end":{"line":26,"column":69}},"19":{"start":{"line":28,"column":4},"end":{"line":28,"column":43}},"20":{"start":{"line":31,"column":2},"end":{"line":31,"column":51}},"21":{"start":{"line":31,"column":15},"end":{"line":31,"column":51}},"22":{"start":{"line":32,"column":2},"end":{"line":32,"column":68}},"23":{"start":{"line":32,"column":12},"end":{"line":32,"column":68}},"24":{"start":{"line":33,"column":2},"end":{"line":33,"column":64}},"25":{"start":{"line":33,"column":10},"end":{"line":33,"column":64}},"26":{"start":{"line":35,"column":33},"end":{"line":37,"column":38}},"27":{"start":{"line":39,"column":2},"end":{"line":39,"column":24}},"28":{"start":{"line":39,"column":13},"end":{"line":39,"column":24}},"29":{"start":{"line":41,"column":2},"end":{"line":44,"column":4}},"30":{"start":{"line":48,"column":0},"end":{"line":67,"column":3}},"31":{"start":{"line":49,"column":16},"end":{"line":49,"column":40}},"32":{"start":{"line":50,"column":21},"end":{"line":50,"column":31}},"33":{"start":{"line":51,"column":34},"end":{"line":51,"column":60}},"34":{"start":{"line":53,"column":33},"end":{"line":59,"column":38}},"35":{"start":{"line":61,"column":2},"end":{"line":61,"column":24}},"36":{"start":{"line":61,"column":13},"end":{"line":61,"column":24}},"37":{"start":{"line":63,"column":2},"end":{"line":66,"column":4}},"38":{"start":{"line":72,"column":0},"end":{"line":153,"column":3}},"39":{"start":{"line":73,"column":16},"end":{"line":73,"column":40}},"40":{"start":{"line":74,"column":55},"end":{"line":74,"column":63}},"41":{"start":{"line":76,"column":2},"end":{"line":78,"column":3}},"42":{"start":{"line":77,"column":4},"end":{"line":77,"column":65}},"43":{"start":{"line":79,"column":2},"end":{"line":81,"column":3}},"44":{"start":{"line":80,"column":4},"end":{"line":80,"column":104}},"45":{"start":{"line":83,"column":20},"end":{"line":83,"column":53}},"46":{"start":{"line":84,"column":2},"end":{"line":86,"column":3}},"47":{"start":{"line":85,"column":4},"end":{"line":85,"column":80}},"48":{"start":{"line":88,"column":43},"end":{"line":93,"column":13}},"49":{"start":{"line":95,"column":2},"end":{"line":97,"column":3}},"50":{"start":{"line":96,"column":4},"end":{"line":96,"column":60}},"51":{"start":{"line":99,"column":17},"end":{"line":99,"column":55}},"52":{"start":{"line":100,"column":17},"end":{"line":100,"column":35}},"53":{"start":{"line":101,"column":16},"end":{"line":101,"column":31}},"54":{"start":{"line":103,"column":2},"end":{"line":107,"column":3}},"55":{"start":{"line":104,"column":4},"end":{"line":106,"column":6}},"56":{"start":{"line":109,"column":48},"end":{"line":115,"column":13}},"57":{"start":{"line":117,"column":2},"end":{"line":117,"column":36}},"58":{"start":{"line":117,"column":19},"end":{"line":117,"column":36}},"59":{"start":{"line":119,"column":19},"end":{"line":130,"column":4}},"60":{"start":{"line":132,"column":2},"end":{"line":137,"column":11}},"61":{"start":{"line":139,"column":17},"end":{"line":139,"column":77}},"62":{"start":{"line":140,"column":2},"end":{"line":147,"column":3}},"63":{"start":{"line":141,"column":4},"end":{"line":145,"column":5}},"64":{"start":{"line":142,"column":6},"end":{"line":142,"column":55}},"65":{"start":{"line":144,"column":6},"end":{"line":144,"column":85}},"66":{"start":{"line":146,"column":4},"end":{"line":146,"column":47}},"67":{"start":{"line":149,"column":2},"end":{"line":152,"column":4}},"68":{"start":{"line":155,"column":0},"end":{"line":155,"column":23}}},"fnMap":{"0":{"name":"(anonymous_0)","decl":{"start":{"line":14,"column":45},"end":{"line":14,"column":46}},"loc":{"start":{"line":14,"column":65},"end":{"line":45,"column":1}},"line":14},"1":{"name":"(anonymous_1)","decl":{"start":{"line":48,"column":57},"end":{"line":48,"column":58}},"loc":{"start":{"line":48,"column":77},"end":{"line":67,"column":1}},"line":48},"2":{"name":"(anonymous_2)","decl":{"start":{"line":72,"column":63},"end":{"line":72,"column":64}},"loc":{"start":{"line":72,"column":83},"end":{"line":153,"column":1}},"line":72}},"branchMap":{"0":{"loc":{"start":{"line":24,"column":2},"end":{"line":29,"column":3}},"type":"if","locations":[{"start":{"line":24,"column":2},"end":{"line":29,"column":3}},{"start":{},"end":{}}],"line":24},"1":{"loc":{"start":{"line":24,"column":6},"end":{"line":24,"column":28}},"type":"binary-expr","locations":[{"start":{"line":24,"column":6},"end":{"line":24,"column":10}},{"start":{"line":24,"column":14},"end":{"line":24,"column":28}}],"line":24},"2":{"loc":{"start":{"line":25,"column":4},"end":{"line":27,"column":5}},"type":"if","locations":[{"start":{"line":25,"column":4},"end":{"line":27,"column":5}},{"start":{},"end":{}}],"line":25},"3":{"loc":{"start":{"line":31,"column":2},"end":{"line":31,"column":51}},"type":"if","locations":[{"start":{"line":31,"column":2},"end":{"line":31,"column":51}},{"start":{},"end":{}}],"line":31},"4":{"loc":{"start":{"line":32,"column":2},"end":{"line":32,"column":68}},"type":"if","locations":[{"start":{"line":32,"column":2},"end":{"line":32,"column":68}},{"start":{},"end":{}}],"line":32},"5":{"loc":{"start":{"line":33,"column":2},"end":{"line":33,"column":64}},"type":"if","locations":[{"start":{"line":33,"column":2},"end":{"line":33,"column":64}},{"start":{},"end":{}}],"line":33},"6":{"loc":{"start":{"line":39,"column":2},"end":{"line":39,"column":24}},"type":"if","locations":[{"start":{"line":39,"column":2},"end":{"line":39,"column":24}},{"start":{},"end":{}}],"line":39},"7":{"loc":{"start":{"line":42,"column":11},"end":{"line":42,"column":21}},"type":"binary-expr","locations":[{"start":{"line":42,"column":11},"end":{"line":42,"column":15}},{"start":{"line":42,"column":19},"end":{"line":42,"column":21}}],"line":42},"8":{"loc":{"start":{"line":61,"column":2},"end":{"line":61,"column":24}},"type":"if","locations":[{"start":{"line":61,"column":2},"end":{"line":61,"column":24}},{"start":{},"end":{}}],"line":61},"9":{"loc":{"start":{"line":64,"column":11},"end":{"line":64,"column":21}},"type":"binary-expr","locations":[{"start":{"line":64,"column":11},"end":{"line":64,"column":15}},{"start":{"line":64,"column":19},"end":{"line":64,"column":21}}],"line":64},"10":{"loc":{"start":{"line":76,"column":2},"end":{"line":78,"column":3}},"type":"if","locations":[{"start":{"line":76,"column":2},"end":{"line":78,"column":3}},{"start":{},"end":{}}],"line":76},"11":{"loc":{"start":{"line":79,"column":2},"end":{"line":81,"column":3}},"type":"if","locations":[{"start":{"line":79,"column":2},"end":{"line":81,"column":3}},{"start":{},"end":{}}],"line":79},"12":{"loc":{"start":{"line":83,"column":29},"end":{"line":83,"column":52}},"type":"binary-expr","locations":[{"start":{"line":83,"column":29},"end":{"line":83,"column":47}},{"start":{"line":83,"column":51},"end":{"line":83,"column":52}}],"line":83},"13":{"loc":{"start":{"line":84,"column":2},"end":{"line":86,"column":3}},"type":"if","locations":[{"start":{"line":84,"column":2},"end":{"line":86,"column":3}},{"start":{},"end":{}}],"line":84},"14":{"loc":{"start":{"line":95,"column":2},"end":{"line":97,"column":3}},"type":"if","locations":[{"start":{"line":95,"column":2},"end":{"line":97,"column":3}},{"start":{},"end":{}}],"line":95},"15":{"loc":{"start":{"line":95,"column":6},"end":{"line":95,"column":24}},"type":"binary-expr","locations":[{"start":{"line":95,"column":6},"end":{"line":95,"column":15}},{"start":{"line":95,"column":19},"end":{"line":95,"column":24}}],"line":95},"16":{"loc":{"start":{"line":100,"column":17},"end":{"line":100,"column":35}},"type":"binary-expr","locations":[{"start":{"line":100,"column":17},"end":{"line":100,"column":30}},{"start":{"line":100,"column":34},"end":{"line":100,"column":35}}],"line":100},"17":{"loc":{"start":{"line":103,"column":2},"end":{"line":107,"column":3}},"type":"if","locations":[{"start":{"line":103,"column":2},"end":{"line":107,"column":3}},{"start":{},"end":{}}],"line":103},"18":{"loc":{"start":{"line":117,"column":2},"end":{"line":117,"column":36}},"type":"if","locations":[{"start":{"line":117,"column":2},"end":{"line":117,"column":36}},{"start":{},"end":{}}],"line":117},"19":{"loc":{"start":{"line":126,"column":12},"end":{"line":126,"column":24}},"type":"binary-expr","locations":[{"start":{"line":126,"column":12},"end":{"line":126,"column":18}},{"start":{"line":126,"column":22},"end":{"line":126,"column":24}}],"line":126},"20":{"loc":{"start":{"line":140,"column":2},"end":{"line":147,"column":3}},"type":"if","locations":[{"start":{"line":140,"column":2},"end":{"line":147,"column":3}},{"start":{},"end":{}}],"line":140}},"s":{"0":0,"1":0,"2":0,"3":0,"4":0,"5":0,"6":0,"7":0,"8":0,"9":0,"10":0,"11":0,"12":0,"13":0,"14":0,"15":0,"16":0,"17":0,"18":0,"19":0,"20":0,"21":0,"22":0,"23":0,"24":0,"25":0,"26":0,"27":0,"28":0,"29":0,"30":0,"31":0,"32":0,"33":0,"34":0,"35":0,"36":0,"37":0,"38":0,"39":0,"40":0,"41":0,"42":0,"43":0,"44":0,"45":0,"46":0,"47":0,"48":0,"49":0,"50":0,"51":0,"52":0,"53
[...]
,"/Users/a/techit-v2/server/services/reorder.js": {"path":"/Users/a/techit-v2/server/services/reorder.js","statementMap":{"0":{"start":{"line":1,"column":17},"end":{"line":1,"column":38}},"1":{"start":{"line":2,"column":26},"end":{"line":2,"column":59}},"2":{"start":{"line":3,"column":44},"end":{"line":3,"column":71}},"3":{"start":{"line":13,"column":2},"end":{"line":38,"column":3}},"4":{"start":{"line":14,"column":16},"end":{"line":18,"column":6}},"5":{"start":{"line":15,"column":6},"end":{"line":15,"column":29}},"6":{"start":{"line":15,"column":17},"end":{"line":15,"column":29}},"7":{"start":{"line":16,"column":21},"end":{"line":16,"column":75}},"8":{"start":{"line":17,"column":6},"end":{"line":17,"column":34}},"9":{"start":{"line":20,"column":4},"end":{"line":20,"column":35}},"10":{"start":{"line":20,"column":26},"end":{"line":20,"column":35}},"11":{"start":{"line":22,"column":26},"end":{"line":26,"column":15}},"12":{"start":{"line":28,"column":4},"end":{"line":34,"column":6}},"13":{"start":{"line":36,"column":4},"end":{"line":36,"column":65}},"14":{"start":{"line":37,"column":4},"end":{"line":37,"column":13}},"15":{"start":{"line":41,"column":0},"end":{"line":41,"column":40}}},"fnMap":{"0":{"name":"triggerReorderIfLow","decl":{"start":{"line":12,"column":15},"end":{"line":12,"column":34}},"loc":{"start":{"line":12,"column":58},"end":{"line":39,"column":1}},"line":12},"1":{"name":"(anonymous_1)","decl":{"start":{"line":14,"column":37},"end":{"line":14,"column":38}},"loc":{"start":{"line":14,"column":45},"end":{"line":18,"column":5}},"line":14}},"branchMap":{"0":{"loc":{"start":{"line":14,"column":17},"end":{"line":14,"column":28}},"type":"binary-expr","locations":[{"start":{"line":14,"column":17},"end":{"line":14,"column":22}},{"start":{"line":14,"column":26},"end":{"line":14,"column":28}}],"line":14},"1":{"loc":{"start":{"line":15,"column":6},"end":{"line":15,"column":29}},"type":"if","locations":[{"start":{"line":15,"column":6},"end":{"line":15,"column":29}},{"start":{},"end":{}}],"line":15},"2":{"loc":{"start":{"line":20,"column":4},"end":{"line":20,"column":35}},"type":"if","locations":[{"start":{"line":20,"column":4},"end":{"line":20,"column":35}},{"start":{},"end":{}}],"line":20},"3":{"loc":{"start":{"line":30,"column":24},"end":{"line":30,"column":45}},"type":"binary-expr","locations":[{"start":{"line":30,"column":24},"end":{"line":30,"column":33}},{"start":{"line":30,"column":37},"end":{"line":30,"column":45}}],"line":30}},"s":{"0":0,"1":0,"2":0,"3":0,"4":0,"5":0,"6":0,"7":0,"8":0,"9":0,"10":0,"11":0,"12":0,"13":0,"14":0,"15":0},"f":{"0":0,"1":0},"b":{"0":[0,0],"1":[0,0],"2":[0,0],"3":[0,0]}}
,"/Users/a/techit-v2/server/services/supabase.js": {"path":"/Users/a/techit-v2/server/services/supabase.js","statementMap":{"0":{"start":{"line":1,"column":25},"end":{"line":1,"column":57}},"1":{"start":{"line":3,"column":0},"end":{"line":5,"column":1}},"2":{"start":{"line":4,"column":2},"end":{"line":4,"column":72}},"3":{"start":{"line":7,"column":0},"end":{"line":9,"column":1}},"4":{"start":{"line":8,"column":2},"end":{"line":8,"column":72}},"5":{"start":{"line":11,"column":17},"end":{"line":14,"column":1}},"6":{"start":{"line":16,"column":0},"end":{"line":16,"column":25}}},"fnMap":{},"branchMap":{"0":{"loc":{"start":{"line":3,"column":0},"end":{"line":5,"column":1}},"type":"if","locations":[{"start":{"line":3,"column":0},"end":{"line":5,"column":1}},{"start":{},"end":{}}],"line":3},"1":{"loc":{"start":{"line":7,"column":0},"end":{"line":9,"column":1}},"type":"if","locations":[{"start":{"line":7,"column":0},"end":{"line":9,"column":1}},{"start":{},"end":{}}],"line":7}},"s":{"0":0,"1":0,"2":0,"3":0,"4":0,"5":0,"6":0},"f":{},"b":{"0":[0,0],"1":[0,0]}}
,"/Users/a/techit-v2/server/services/tokens.js": {"path":"/Users/a/techit-v2/server/services/tokens.js","statementMap":{"0":{"start":{"line":1,"column":15},"end":{"line":1,"column":32}},"1":{"start":{"line":2,"column":12},"end":{"line":2,"column":35}},"2":{"start":{"line":3,"column":17},"end":{"line":3,"column":38}},"3":{"start":{"line":5,"column":25},"end":{"line":5,"column":30}},"4":{"start":{"line":6,"column":31},"end":{"line":6,"column":33}},"5":{"start":{"line":7,"column":28},"end":{"line":7,"column":43}},"6":{"start":{"line":15,"column":2},"end":{"line":15,"column":53}},"7":{"start":{"line":19,"column":2},"end":{"line":19,"column":64}},"8":{"start":{"line":24,"column":2},"end":{"line":33,"column":3}},"9":{"start":{"line":38,"column":23},"end":{"line":38,"column":60}},"10":{"start":{"line":39,"column":2},"end":{"line":45,"column":3}},"11":{"start":{"line":54,"column":16},"end":{"line":54,"column":38}},"12":{"start":{"line":55,"column":20},"end":{"line":55,"column":87}},"13":{"start":{"line":57,"column":26},"end":{"line":67,"column":13}},"14":{"start":{"line":69,"column":2},"end":{"line":69,"column":24}},"15":{"start":{"line":69,"column":13},"end":{"line":69,"column":24}},"16":{"start":{"line":70,"column":2},"end":{"line":70,"column":42}},"17":{"start":{"line":75,"column":2},"end":{"line":75,"column":28}},"18":{"start":{"line":75,"column":17},"end":{"line":75,"column":28}},"19":{"start":{"line":77,"column":26},"end":{"line":81,"column":18}},"20":{"start":{"line":83,"column":2},"end":{"line":83,"column":33}},"21":{"start":{"line":83,"column":22},"end":{"line":83,"column":33}},"22":{"start":{"line":84,"column":2},"end":{"line":84,"column":13}},"23":{"start":{"line":88,"column":20},"end":{"line":92,"column":27}},"24":{"start":{"line":94,"column":2},"end":{"line":94,"column":24}},"25":{"start":{"line":94,"column":13},"end":{"line":94,"column":24}},"26":{"start":{"line":104,"column":20},"end":{"line":108,"column":27}},"27":{"start":{"line":110,"column":2},"end":{"line":110,"column":24}},"28":{"start":{"line":110,"column":13},"end":{"line":110,"column":24}},"29":{"start":{"line":113,"column":0},"end":{"line":124,"column":1}}},"fnMap":{"0":{"name":"generateRefreshToken","decl":{"start":{"line":14,"column":9},"end":{"line":14,"column":29}},"loc":{"start":{"line":14,"column":32},"end":{"line":16,"column":1}},"line":14},"1":{"name":"hashToken","decl":{"start":{"line":18,"column":9},"end":{"line":18,"column":18}},"loc":{"start":{"line":18,"column":26},"end":{"line":20,"column":1}},"line":18},"2":{"name":"signAccessToken","decl":{"start":{"line":23,"column":9},"end":{"line":23,"column":24}},"loc":{"start":{"line":23,"column":31},"end":{"line":34,"column":1}},"line":23},"3":{"name":"refreshCookieOptions","decl":{"start":{"line":37,"column":9},"end":{"line":37,"column":29}},"loc":{"start":{"line":37,"column":32},"end":{"line":46,"column":1}},"line":37},"4":{"name":"issueRefreshToken","decl":{"start":{"line":53,"column":15},"end":{"line":53,"column":32}},"loc":{"start":{"line":53,"column":87},"end":{"line":71,"column":1}},"line":53},"5":{"name":"findRefreshToken","decl":{"start":{"line":74,"column":15},"end":{"line":74,"column":31}},"loc":{"start":{"line":74,"column":42},"end":{"line":85,"column":1}},"line":74},"6":{"name":"revokeToken","decl":{"start":{"line":87,"column":15},"end":{"line":87,"column":26}},"loc":{"start":{"line":87,"column":31},"end":{"line":95,"column":1}},"line":87},"7":{"name":"revokeAllForUser","decl":{"start":{"line":103,"column":15},"end":{"line":103,"column":31}},"loc":{"start":{"line":103,"column":40},"end":{"line":111,"column":1}},"line":103}},"branchMap":{"0":{"loc":{"start":{"line":42,"column":14},"end":{"line":42,"column":43}},"type":"cond-expr","locations":[{"start":{"line":42,"column":29},"end":{"line":42,"column":35}},{"start":{"line":42,"column":38},"end":{"line":42,"column":43}}],"line":42},"1":{"loc":{"start":{"line":53,"column":41},"end":{"line":53,"column":85}},"type":"default-arg","locations":[{"start":{"line":53,"column":83},"end":{"line":53,"column":85}}],"line":53},"2":{"loc":{"start":{"line":53,"column":43},"end":{"line":53,"column":60}},"type":"default-arg","locations":[{"start":{"line":53,"column":56},"end":{"line":53,"column":60}}],"line":53},"3":{"loc":{"start":{"line":53,"column":62},"end":{"line":53,"column":78}},"type":"default-arg","locations":[{"start":{"line":53,"column":74},"end":{"line":53,"column":78}}],"line":53},"4":{"loc":{"start":{"line":64,"column":18},"end":{"line":64,"column":68}},"type":"cond-expr","locations":[{"start":{"line":64,"column":30},"end":{"line":64,"column":61}},{"start":{"line":64,"column":64},"end":{"line":64,"column":68}}],"line":64},"5":{"loc":{"start":{"line":69,"column":2},"end":{"line":69,"column":24}},"type":"if","locations":[{"start":{"line":69,"column":2},"end":{"line":69,"column":24}},{"start":{},"end":{}}],"line":69},"6":{"loc":{"start":{"line":75,"column":2},"end":{"line":75,"column":28}},"type":"if","locations":[{"start":{"line":75,"column":2},"end":{"line":75,"column":28}},{"start":{},"end":{}}],"line":75},"7":{"loc":{"start":{"line":83,"column":2},"end":{"line":83,"column":33}},"type":"if","locations":[{"start":{"line":83,"column":2},"end":{"line":83,"column":33}},{"start":{},"end":{}}],"line":83},"8":{"loc":{"start":{"line":83,"column":6},"end":{"line":83,"column":20}},"type":"binary-expr","locations":[{"start":{"line":83,"column":6},"end":{"line":83,"column":11}},{"start":{"line":83,"column":15},"end":{"line":83,"column":20}}],"line":83},"9":{"loc":{"start":{"line":94,"column":2},"end":{"line":94,"column":24}},"type":"if","locations":[{"start":{"line":94,"column":2},"end":{"line":94,"column":24}},{"start":{},"end":{}}],"line":94},"10":{"loc":{"start":{"line":110,"column":2},"end":{"line":110,"column":24}},"type":"if","locations":[{"start":{"line":110,"column":2},"end":{"line":110,"column":24}},{"start":{},"end":{}}],"line":110}},"s":{"0":2,"1":2,"2":2,"3":2,"4":2,"5":2,"6":3,"7":4,"8":4,"9":6,"10":6,"11":3,"12":3,"13":3,"14":3,"15":0,"16":3,"17":2,"18":1,"19":1,"20":1,"21":1,"22":0,"23":0,"24":0,"25":0,"26":0,"27":0,"28":0,"29":2},"f":{"0":3,"1":4,"2":4,"3":6,"4":3,"5":2,"6":0,"7":0},"b":{"0":[2,4],"1":[2],"2":[2],"3":[3],"4":[0,3],"5":[0,3],"6":[1,1],"7":[1,0],"8":[1,1],"9":[0,0],"10":[0,0]},"_coverageSchema":"1a1c01bbd47fc00a2c39e90264f33305004495a9","hash":"8979dca6027eafe1c1dc809721391b30e2dacb27"}
,"/Users/a/techit-v2/server/utils/asyncHandler.js": {"path":"/Users/a/techit-v2/server/utils/asyncHandler.js","statementMap":{"0":{"start":{"line":7,"column":2},"end":{"line":12,"column":3}},"1":{"start":{"line":8,"column":4},"end":{"line":11,"column":6}},"2":{"start":{"line":9,"column":6},"end":{"line":9,"column":75}},"3":{"start":{"line":10,"column":6},"end":{"line":10,"column":62}},"4":{"start":{"line":15,"column":0},"end":{"line":15,"column":33}}},"fnMap":{"0":{"name":"asyncHandler","decl":{"start":{"line":6,"column":9},"end":{"line":6,"column":21}},"loc":{"start":{"line":6,"column":26},"end":{"line":13,"column":1}},"line":6},"1":{"name":"(anonymous_1)","decl":{"start":{"line":7,"column":9},"end":{"line":7,"column":10}},"loc":{"start":{"line":7,"column":29},"end":{"line":12,"column":3}},"line":7},"2":{"name":"(anonymous_2)","decl":{"start":{"line":8,"column":46},"end":{"line":8,"column":47}},"loc":{"start":{"line":8,"column":53},"end":{"line":11,"column":5}},"line":8}},"branchMap":{},"s":{"0":13,"1":31,"2":6,"3":6,"4":3},"f":{"0":13,"1":31,"2":6},"b":{},"_coverageSchema":"1a1c01bbd47fc00a2c39e90264f33305004495a9","hash":"785a7b5f04623f727331cd312678db717106d5aa"}
,"/Users/a/techit-v2/server/utils/computeStatus.js": {"path":"/Users/a/techit-v2/server/utils/computeStatus.js","statementMap":{"0":{"start":{"line":6,"column":2},"end":{"line":6,"column":43}},"1":{"start":{"line":6,"column":22},"end":{"line":6,"column":43}},"2":{"start":{"line":7,"column":2},"end":{"line":7,"column":47}},"3":{"start":{"line":7,"column":29},"end":{"line":7,"column":47}},"4":{"start":{"line":8,"column":2},"end":{"line":8,"column":19}},"5":{"start":{"line":15,"column":2},"end":{"line":18,"column":5}},"6":{"start":{"line":15,"column":28},"end":{"line":18,"column":3}},"7":{"start":{"line":21,"column":0},"end":{"line":21,"column":54}}},"fnMap":{"0":{"name":"computeStatus","decl":{"start":{"line":5,"column":9},"end":{"line":5,"column":22}},"loc":{"start":{"line":5,"column":44},"end":{"line":9,"column":1}},"line":5},"1":{"name":"mapItemsWithStatus","decl":{"start":{"line":14,"column":9},"end":{"line":14,"column":27}},"loc":{"start":{"line":14,"column":35},"end":{"line":19,"column":1}},"line":14},"2":{"name":"(anonymous_2)","decl":{"start":{"line":15,"column":19},"end":{"line":15,"column":20}},"loc":{"start":{"line":15,"column":28},"end":{"line":18,"column":3}},"line":15}},"branchMap":{"0":{"loc":{"start":{"line":6,"column":2},"end":{"line":6,"column":43}},"type":"if","locations":[{"start":{"line":6,"column":2},"end":{"line":6,"column":43}},{"start":{},"end":{}}],"line":6},"1":{"loc":{"start":{"line":7,"column":2},"end":{"line":7,"column":47}},"type":"if","locations":[{"start":{"line":7,"column":2},"end":{"line":7,"column":47}},{"start":{},"end":{}}],"line":7}},"s":{"0":23,"1":6,"2":17,"3":7,"4":10,"5":5,"6":15,"7":1},"f":{"0":23,"1":5,"2":15},"b":{"0":[6,17],"1":[7,10]},"_coverageSchema":"1a1c01bbd47fc00a2c39e90264f33305004495a9","hash":"dfd1e040ad66847dc83ebf3f8cbb1bdc7bf3f463"}
,"/Users/a/techit-v2/server/utils/pagination.js": {"path":"/Users/a/techit-v2/server/utils/pagination.js","statementMap":{"0":{"start":{"line":7,"column":22},"end":{"line":7,"column":24}},"1":{"start":{"line":8,"column":18},"end":{"line":8,"column":21}},"2":{"start":{"line":11,"column":18},"end":{"line":11,"column":50}},"3":{"start":{"line":12,"column":25},"end":{"line":12,"column":57}},"4":{"start":{"line":13,"column":19},"end":{"line":13,"column":67}},"5":{"start":{"line":15,"column":2},"end":{"line":19,"column":3}},"6":{"start":{"line":24,"column":16},"end":{"line":24,"column":26}},"7":{"start":{"line":25,"column":21},"end":{"line":25,"column":45}},"8":{"start":{"line":27,"column":2},"end":{"line":34,"column":3}},"9":{"start":{"line":37,"column":0},"end":{"line":37,"column":79}}},"fnMap":{"0":{"name":"parsePagination","decl":{"start":{"line":10,"column":9},"end":{"line":10,"column":24}},"loc":{"start":{"line":10,"column":47},"end":{"line":20,"column":1}},"line":10},"1":{"name":"buildPagination","decl":{"start":{"line":23,"column":9},"end":{"line":23,"column":24}},"loc":{"start":{"line":23,"column":45},"end":{"line":35,"column":1}},"line":23}},"branchMap":{"0":{"loc":{"start":{"line":10,"column":25},"end":{"line":10,"column":45}},"type":"default-arg","locations":[{"start":{"line":10,"column":43},"end":{"line":10,"column":45}}],"line":10},"1":{"loc":{"start":{"line":11,"column":30},"end":{"line":11,"column":49}},"type":"binary-expr","locations":[{"start":{"line":11,"column":30},"end":{"line":11,"column":44}},{"start":{"line":11,"column":48},"end":{"line":11,"column":49}}],"line":11},"2":{"loc":{"start":{"line":12,"column":25},"end":{"line":12,"column":57}},"type":"binary-expr","locations":[{"start":{"line":12,"column":25},"end":{"line":12,"column":40}},{"start":{"line":12,"column":44},"end":{"line":12,"column":57}}],"line":12},"3":{"loc":{"start":{"line":24,"column":16},"end":{"line":24,"column":26}},"type":"binary-expr","locations":[{"start":{"line":24,"column":16},"end":{"line":24,"column":21}},{"start":{"line":24,"column":25},"end":{"line":24,"column":26}}],"line":24}},"s":{"0":1,"1":1,"2":5,"3":5,"4":5,"5":5,"6":4,"7":4,"8":4,"9":1},"f":{"0":5,"1":4},"b":{"0":[0],"1":[5,5],"2":[5,4],"3":[4,0]},"_coverageSchema":"1a1c01bbd47fc00a2c39e90264f33305004495a9","hash":"5ca3e08af5ec1e4d214ca152b7728c78c09f2e82"}
,"/Users/a/techit-v2/server/utils/salesMath.js": {"path":"/Users/a/techit-v2/server/utils/salesMath.js","statementMap":{"0":{"start":{"line":11,"column":12},"end":{"line":11,"column":29}},"1":{"start":{"line":12,"column":2},"end":{"line":12,"column":35}},"2":{"start":{"line":17,"column":2},"end":{"line":17,"column":60}},"3":{"start":{"line":22,"column":2},"end":{"line":22,"column":59}},"4":{"start":{"line":27,"column":2},"end":{"line":27,"column":43}},"5":{"start":{"line":32,"column":14},"end":{"line":32,"column":31}},"6":{"start":{"line":33,"column":2},"end":{"line":33,"column":25}},"7":{"start":{"line":33,"column":17},"end":{"line":33,"column":25}},"8":{"start":{"line":34,"column":2},"end":{"line":34,"column":44}},"9":{"start":{"line":42,"column":15},"end":{"line":42,"column":26}},"10":{"start":{"line":44,"column":16},"end":{"line":44,"column":17}},"11":{"start":{"line":45,"column":13},"end":{"line":45,"column":14}},"12":{"start":{"line":46,"column":14},"end":{"line":46,"column":15}},"13":{"start":{"line":48,"column":2},"end":{"line":52,"column":4}},"14":{"start":{"line":49,"column":4},"end":{"line":49,"column":32}},"15":{"start":{"line":50,"column":4},"end":{"line":50,"column":26}},"16":{"start":{"line":51,"column":4},"end":{"line":51,"column":36}},"17":{"start":{"line":54,"column":23},"end":{"line":54,"column":37}},"18":{"start":{"line":56,"column":2},"end":{"line":63,"column":3}},"19":{"start":{"line":68,"column":2},"end":{"line":73,"column":3}},"20":{"start":{"line":76,"column":0},"end":{"line":83,"column":1}}},"fnMap":{"0":{"name":"toNumber","decl":{"start":{"line":10,"column":9},"end":{"line":10,"column":17}},"loc":{"start":{"line":10,"column":25},"end":{"line":13,"column":1}},"line":10},"1":{"name":"saleRevenue","decl":{"start":{"line":16,"column":9},"end":{"line":16,"column":20}},"loc":{"start":{"line":16,"column":27},"end":{"line":18,"column":1}},"line":16},"2":{"name":"saleCogs","decl":{"start":{"line":21,"column":9},"end":{"line":21,"column":17}},"loc":{"start":{"line":21,"column":24},"end":{"line":23,"column":1}},"line":21},"3":{"name":"saleProfit","decl":{"start":{"line":26,"column":9},"end":{"line":26,"column":19}},"loc":{"start":{"line":26,"column":26},"end":{"line":28,"column":1}},"line":26},"4":{"name":"marginPct","decl":{"start":{"line":31,"column":9},"end":{"line":31,"column":18}},"loc":{"start":{"line":31,"column":41},"end":{"line":35,"column":1}},"line":31},"5":{"name":"summarise","decl":{"start":{"line":41,"column":9},"end":{"line":41,"column":18}},"loc":{"start":{"line":41,"column":26},"end":{"line":64,"column":1}},"line":41},"6":{"name":"(anonymous_6)","decl":{"start":{"line":48,"column":15},"end":{"line":48,"column":16}},"loc":{"start":{"line":48,"column":23},"end":{"line":52,"column":3}},"line":48},"7":{"name":"withDerived","decl":{"start":{"line":67,"column":9},"end":{"line":67,"column":20}},"loc":{"start":{"line":67,"column":27},"end":{"line":74,"column":1}},"line":67}},"branchMap":{"0":{"loc":{"start":{"line":12,"column":9},"end":{"line":12,"column":35}},"type":"cond-expr","locations":[{"start":{"line":12,"column":30},"end":{"line":12,"column":31}},{"start":{"line":12,"column":34},"end":{"line":12,"column":35}}],"line":12},"1":{"loc":{"start":{"line":33,"column":2},"end":{"line":33,"column":25}},"type":"if","locations":[{"start":{"line":33,"column":2},"end":{"line":33,"column":25}},{"start":{},"end":{}}],"line":33},"2":{"loc":{"start":{"line":42,"column":15},"end":{"line":42,"column":26}},"type":"binary-expr","locations":[{"start":{"line":42,"column":15},"end":{"line":42,"column":20}},{"start":{"line":42,"column":24},"end":{"line":42,"column":26}}],"line":42}},"s":{"0":0,"1":0,"2":0,"3":0,"4":0,"5":0,"6":0,"7":0,"8":0,"9":0,"10":0,"11":0,"12":0,"13":0,"14":0,"15":0,"16":0,"17":0,"18":0,"19":0,"20":0},"f":{"0":0,"1":0,"2":0,"3":0,"4":0,"5":0,"6":0,"7":0},"b":{"0":[0,0],"1":[0,0],"2":[0,0]}}
}
