TN:
SF:middleware/auth.js
FN:3,authMiddleware
FN:19,adminMiddleware
FNF:2
FNH:2
FNDA:31,authMiddleware
FNDA:15,adminMiddleware
DA:1,5
DA:4,31
DA:6,31
DA:7,4
DA:10,27
DA:11,27
DA:12,25
DA:13,25
DA:15,2
DA:20,15
DA:21,4
DA:23,11
DA:26,5
LF:13
LH:13
BRDA:6,0,0,4
BRDA:6,0,1,27
BRDA:20,1,0,4
BRDA:20,1,1,11
BRF:4
BRH:4
end_of_record
TN:
SF:middleware/errorHandler.js
FN:11,notFoundHandler
FN:20,errorHandler
FNF:2
FNH:2
FNDA:1,notFoundHandler
FNDA:5,errorHandler
DA:12,1
DA:21,5
DA:24,5
DA:25,5
DA:26,3
DA:30,5
DA:31,1
DA:34,4
DA:35,1
DA:40,3
DA:44,3
DA:47,3
DA:48,0
DA:51,3
DA:54,1
LF:15
LH:14
BRDA:21,0,0,5
BRDA:21,0,1,3
BRDA:21,0,2,3
BRDA:25,1,0,3
BRDA:25,1,1,2
BRDA:25,2,0,5
BRDA:25,2,1,3
BRDA:30,3,0,1
BRDA:30,3,1,4
BRDA:34,4,0,1
BRDA:34,4,1,3
BRDA:40,5,0,1
BRDA:40,5,1,2
BRDA:47,6,0,0
BRDA:47,6,1,3
BRDA:47,7,0,3
BRDA:47,7,1,0
BRF:17
BRH:15
end_of_record
TN:
SF:middleware/rateLimiter.js
FN:12,buildLimiter
FN:13,(anonymous_1)
FNF:2
FNH:2
FNDA:15,buildLimiter
FNDA:22,(anonymous_1)
DA:1,3
DA:10,3
DA:13,22
DA:15,0
DA:30,3
DA:37,3
DA:48,3
DA:58,3
DA:69,3
DA:75,3
LF:10
LH:9
BRDA:13,0,0,15
BRDA:13,0,1,0
BRF:2
BRH:1
end_of_record
TN:
SF:routes/audit.js
FN:8,(anonymous_0)
FNF:1
FNH:1
FNDA:2,(anonymous_0)
DA:1,1
DA:2,1
DA:3,1
DA:4,1
DA:5,1
DA:8,1
DA:9,2
DA:11,2
DA:18,2
DA:20,1
DA:23,1
LF:11
LH:11
BRDA:18,0,0,1
BRDA:18,0,1,1
BRF:2
BRH:2
end_of_record
TN:
SF:routes/auth.js
FN:30,slugify
FN:43,createOrganization
FN:71,(anonymous_2)
FN:122,(anonymous_3)
FN:181,(anonymous_4)
FN:201,(anonymous_5)
FN:220,buildResetUrl
FN:234,(anonymous_7)
FN:273,(anonymous_8)
FN:284,(anonymous_9)
FN:322,(anonymous_10)
FNF:11
FNH:8
FNDA:3,slugify
FNDA:3,createOrganization
FNDA:5,(anonymous_2)
FNDA:0,(anonymous_3)
FNDA:0,(anonymous_4)
FNDA:0,(anonymous_5)
FNDA:3,buildResetUrl
FNDA:6,(anonymous_7)
FNDA:2,(anonymous_8)
FNDA:4,(anonymous_9)
FNDA:5,(anonymous_10)
DA:1,2
DA:2,2
DA:3,2
DA:4,2
DA:5,2
DA:6,2
DA:7,2
DA:13,2
DA:14,2
DA:15,2
DA:24,2
DA:31,3
DA:44,3
DA:45,3
DA:46,3
DA:48,3
DA:49,3
DA:55,3
DA:58,1
DA:59,0
DA:60,0
DA:61,0
DA:64,1
DA:67,0
DA:71,2
DA:72,5
DA:74,5
DA:75,1
DA:79,4
DA:80,4
DA:86,3
DA:87,1
DA:90,2
DA:93,2
DA:94,2
DA:95,1
DA:100,1
DA:101,1
DA:105,1
DA:107,1
DA:122,2
DA:123,0
DA:125,0
DA:126,0
DA:129,0
DA:131,0
DA:132,0
DA:133,0
DA:139,0
DA:140,0
DA:141,0
DA:142,0
DA:145,0
DA:146,0
DA:147,0
DA:148,0
DA:153,0
DA:159,0
DA:160,0
DA:161,0
DA:162,0
DA:165,0
DA:166,0
DA:171,0
DA:173,0
DA:181,2
DA:182,0
DA:184,0
DA:185,0
DA:186,0
DA:187,0
DA:188,0
DA:190,0
DA:195,0
DA:196,0
DA:201,2
DA:202,0
DA:208,0
DA:209,0
DA:212,0
DA:222,3
DA:226,3
DA:234,2
DA:235,6
DA:237,6
DA:241,6
DA:242,1
DA:245,5
DA:252,5
DA:254,3
DA:255,3
DA:256,3
DA:265,1
DA:268,3
DA:273,2
DA:274,2
DA:276,2
DA:277,1
DA:280,1
DA:284,2
DA:285,4
DA:287,4
DA:288,1
DA:290,3
DA:291,1
DA:294,2
DA:295,2
DA:296,1
DA:299,1
DA:301,1
DA:306,1
DA:308,1
DA:312,1
DA:313,1
DA:315,0
DA:318,1
DA:322,2
DA:323,5
DA:325,5
DA:326,1
DA:329,4
DA:330,1
DA:335,3
DA:336,3
DA:337,0
DA:338,0
DA:339,0
DA:341,0
DA:342,0
DA:347,3
DA:354,3
DA:355,0
DA:356,0
DA:358,3
DA:359,2
DA:363,2
DA:375,2
DA:376,1
DA:377,1
DA:379,0
DA:384,1
DA:385,0
DA:388,1
DA:395,2
LF:144
LH:93
BRDA:31,0,0,3
BRDA:31,0,1,0
BRDA:31,1,0,3
BRDA:31,1,1,0
BRDA:51,2,0,3
BRDA:51,2,1,0
BRDA:55,3,0,2
BRDA:55,3,1,1
BRDA:58,4,0,0
BRDA:58,4,1,1
BRDA:58,5,0,1
BRDA:58,5,1,1
BRDA:74,6,0,1
BRDA:74,6,1,4
BRDA:74,7,0,5
BRDA:74,7,1,5
BRDA:86,8,0,1
BRDA:86,8,1,2
BRDA:86,9,0,3
BRDA:86,9,1,3
BRDA:86,9,2,3
BRDA:94,10,0,1
BRDA:94,10,1,1
BRDA:125,11,0,0
BRDA:125,11,1,0
BRDA:131,12,0,0
BRDA:131,12,1,0
BRDA:139,13,0,0
BRDA:139,13,1,0
BRDA:145,14,0,0
BRDA:145,14,1,0
BRDA:159,15,0,0
BRDA:159,15,1,0
BRDA:159,16,0,0
BRDA:159,16,1,0
BRDA:184,17,0,0
BRDA:184,17,1,0
BRDA:186,18,0,0
BRDA:186,18,1,0
BRDA:187,19,0,0
BRDA:187,19,1,0
BRDA:208,20,0,0
BRDA:208,20,1,0
BRDA:208,21,0,0
BRDA:208,21,1,0
BRDA:222,22,0,3
BRDA:222,22,1,0
BRDA:222,22,2,3
BRDA:222,22,3,0
BRDA:222,22,4,3
BRDA:241,23,0,1
BRDA:241,23,1,5
BRDA:241,24,0,6
BRDA:241,24,1,6
BRDA:252,25,0,2
BRDA:252,25,1,3
BRDA:276,26,0,1
BRDA:276,26,1,1
BRDA:287,27,0,1
BRDA:287,27,1,3
BRDA:287,28,0,4
BRDA:287,28,1,3
BRDA:290,29,0,1
BRDA:290,29,1,2
BRDA:295,30,0,1
BRDA:295,30,1,1
BRDA:306,31,0,0
BRDA:306,31,1,1
BRDA:325,32,0,1
BRDA:325,32,1,4
BRDA:325,33,0,5
BRDA:325,33,1,5
BRDA:325,33,2,4
BRDA:329,34,0,1
BRDA:329,34,1,3
BRDA:336,35,0,0
BRDA:336,35,1,3
BRDA:338,36,0,0
BRDA:338,36,1,0
BRDA:341,37,0,0
BRDA:341,37,1,0
BRDA:354,38,0,0
BRDA:354,38,1,3
BRDA:375,39,0,1
BRDA:375,39,1,1
BRDA:376,40,0,1
BRDA:376,40,1,0
BRDA:384,41,0,0
BRDA:384,41,1,1
BRDA:389,42,0,0
BRDA:389,42,1,1
BRF:91
BRH:53
end_of_record
TN:
SF:routes/expenses.js
FN:10,(anonymous_0)
FN:36,(anonymous_1)
FN:73,(anonymous_2)
FNF:3
FNH:0
FNDA:0,(anonymous_0)
FNDA:0,(anonymous_1)
FNDA:0,(anonymous_2)
DA:1,0
DA:2,0
DA:3,0
DA:4,0
DA:5,0
DA:6,0
DA:7,0
DA:10,0
DA:11,0
DA:12,0
DA:13,0
DA:15,0
DA:20,0
DA:21,0
DA:23,0
DA:27,0
DA:29,0
DA:36,0
DA:37,0
DA:38,0
DA:40,0
DA:42,0
DA:43,0
DA:45,0
DA:46,0
DA:49,0
DA:62,0
DA:64,0
DA:69,0
DA:73,0
DA:74,0
DA:75,0
DA:77,0
DA:84,0
DA:85,0
DA:88,0
DA:94,0
DA:96,0
DA:98,0
DA:101,0
LF:40
LH:0
BRDA:20,0,0,0
BRDA:20,0,1,0
BRDA:21,1,0,0
BRDA:21,1,1,0
BRDA:27,2,0,0
BRDA:27,2,1,0
BRDA:30,3,0,0
BRDA:30,3,1,0
BRDA:42,4,0,0
BRDA:42,4,1,0
BRDA:45,5,0,0
BRDA:45,5,1,0
BRDA:45,6,0,0
BRDA:45,6,1,0
BRDA:54,7,0,0
BRDA:54,7,1,0
BRDA:56,8,0,0
BRDA:56,8,1,0
BRDA:62,9,0,0
BRDA:62,9,1,0
BRDA:84,10,0,0
BRDA:84,10,1,0
BRDA:84,11,0,0
BRDA:84,11,1,0
BRDA:94,12,0,0
BRDA:94,12,1,0
BRF:26
BRH:0
end_of_record
TN:
SF:routes/invitations.js
FN:15,buildAcceptUrl
FN:26,(anonymous_1)
FN:53,(anonymous_2)
FN:96,(anonymous_3)
FN:110,(anonymous_4)
FN:183,(anonymous_5)
FNF:6
FNH:0
FNDA:0,buildAcceptUrl
FNDA:0,(anonymous_1)
FNDA:0,(anonymous_2)
FNDA:0,(anonymous_3)
FNDA:0,(anonymous_4)
FNDA:0,(anonymous_5)
DA:1,0
DA:2,0
DA:3,0
DA:4,0
DA:5,0
DA:6,0
DA:7,0
DA:8,0
DA:9,0
DA:17,0
DA:21,0
DA:26,0
DA:27,0
DA:28,0
DA:30,0
DA:31,0
DA:32,0
DA:35,0
DA:41,0
DA:43,0
DA:53,0
DA:54,0
DA:55,0
DA:57,0
DA:58,0
DA:62,0
DA:68,0
DA:69,0
DA:72,0
DA:73,0
DA:76,0
DA:84,0
DA:86,0
DA:88,0
DA:96,0
DA:97,0
DA:99,0
DA:105,0
DA:106,0
DA:110,0
DA:111,0
DA:112,0
DA:114,0
DA:115,0
DA:116,0
DA:118,0
DA:119,0
DA:123,0
DA:130,0
DA:131,0
DA:134,0
DA:140,0
DA:142,0
DA:149,0
DA:153,0
DA:154,0
DA:155,0
DA:163,0
DA:164,0
DA:167,0
DA:171,0
DA:183,0
DA:184,0
DA:185,0
DA:187,0
DA:194,0
DA:195,0
DA:198,0
DA:199,0
DA:202,0
DA:209,0
DA:211,0
DA:214,0
LF:73
LH:0
BRDA:17,0,0,0
BRDA:17,0,1,0
BRDA:17,0,2,0
BRDA:17,0,3,0
BRDA:17,0,4,0
BRDA:28,1,0,0
BRDA:28,1,1,0
BRDA:31,2,0,0
BRDA:31,2,1,0
BRDA:41,3,0,0
BRDA:41,3,1,0
BRDA:55,4,0,0
BRDA:55,4,1,0
BRDA:58,5,0,0
BRDA:58,5,1,0
BRDA:68,6,0,0
BRDA:68,6,1,0
BRDA:68,7,0,0
BRDA:68,7,1,0
BRDA:72,8,0,0
BRDA:72,8,1,0
BRDA:84,9,0,0
BRDA:84,9,1,0
BRDA:105,10,0,0
BRDA:105,10,1,0
BRDA:106,11,0,0
BRDA:106,11,1,0
BRDA:114,12,0,0
BRDA:114,12,1,0
BRDA:115,13,0,0
BRDA:115,13,1,0
BRDA:118,14,0,0
BRDA:118,14,1,0
BRDA:118,15,0,0
BRDA:118,15,1,0
BRDA:130,16,0,0
BRDA:130,16,1,0
BRDA:140,17,0,0
BRDA:140,17,1,0
BRDA:145,18,0,0
BRDA:145,18,1,0
BRDA:194,19,0,0
BRDA:194,19,1,0
BRDA:194,20,0,0
BRDA:194,20,1,0
BRDA:198,21,0,0
BRDA:198,21,1,0
BRDA:209,22,0,0
BRDA:209,22,1,0
BRF:49
BRH:0
end_of_record
TN:
SF:routes/items.js
FN:20,(anonymous_0)
FN:49,(anonymous_1)
FN:60,(anonymous_2)
FN:88,(anonymous_3)
FN:105,(anonymous_4)
FN:106,(anonymous_5)
FN:107,(anonymous_6)
FN:108,(anonymous_7)
FN:109,(anonymous_8)
FN:112,(anonymous_9)
FN:113,(anonymous_10)
FN:114,(anonymous_11)
FN:118,(anonymous_12)
FN:130,(anonymous_13)
FN:141,(anonymous_14)
FN:157,(anonymous_15)
FN:224,(anonymous_16)
FN:298,(anonymous_17)
FNF:18
FNH:18
FNDA:5,(anonymous_0)
FNDA:3,(anonymous_1)
FNDA:2,(anonymous_2)
FNDA:2,(anonymous_3)
FNDA:3,(anonymous_4)
FNDA:3,(anonymous_5)
FNDA:3,(anonymous_6)
FNDA:3,(anonymous_7)
FNDA:3,(anonymous_8)
FNDA:3,(anonymous_9)
FNDA:3,(anonymous_10)
FNDA:3,(anonymous_11)
FNDA:3,(anonymous_12)
FNDA:2,(anonymous_13)
FNDA:3,(anonymous_14)
FNDA:4,(anonymous_15)
FNDA:2,(anonymous_16)
FNDA:2,(anonymous_17)
DA:1,1
DA:2,1
DA:3,1
DA:4,1
DA:5,1
DA:6,1
DA:7,1
DA:8,1
DA:9,1
DA:10,1
DA:11,1
DA:12,1
DA:13,1
DA:17,1
DA:20,1
DA:21,5
DA:22,5
DA:24,5
DA:26,5
DA:31,5
DA:32,0
DA:35,5
DA:36,0
DA:37,0
DA:40,5
DA:44,5
DA:46,4
DA:48,4
DA:49,3
DA:52,4
DA:60,1
DA:61,2
DA:62,2
DA:64,2
DA:66,2
DA:73,2
DA:75,2
DA:78,1
DA:81,1
DA:88,1
DA:89,2
DA:93,2
DA:99,2
DA:101,1
DA:103,1
DA:105,3
DA:106,3
DA:107,3
DA:108,3
DA:109,3
DA:112,3
DA:113,3
DA:114,3
DA:118,1
DA:119,3
DA:120,2
DA:122,3
DA:123,3
DA:126,1
DA:130,1
DA:131,2
DA:133,2
DA:139,2
DA:141,3
DA:146,1
DA:149,1
DA:151,1
DA:152,1
DA:153,1
DA:157,1
DA:158,4
DA:159,4
DA:161,4
DA:162,1
DA:165,3
DA:180,3
DA:181,1
DA:182,1
DA:184,0
DA:187,2
DA:192,2
DA:196,2
DA:197,2
DA:211,2
DA:212,1
DA:213,1
DA:215,0
DA:217,1
DA:220,2
DA:224,1
DA:225,2
DA:226,2
DA:227,2
DA:229,2
DA:236,2
DA:237,1
DA:240,1
DA:242,1
DA:257,1
DA:259,1
DA:264,1
DA:271,1
DA:285,1
DA:286,0
DA:287,0
DA:289,0
DA:291,0
DA:294,1
DA:298,1
DA:299,2
DA:300,2
DA:302,2
DA:309,2
DA:310,1
DA:313,1
DA:319,1
DA:321,1
DA:323,1
DA:326,1
LF:119
LH:110
BRDA:31,0,0,0
BRDA:31,0,1,5
BRDA:31,1,0,5
BRDA:31,1,1,0
BRDA:35,2,0,0
BRDA:35,2,1,5
BRDA:44,3,0,1
BRDA:44,3,1,4
BRDA:46,4,0,4
BRDA:46,4,1,0
BRDA:48,5,0,1
BRDA:48,5,1,3
BRDA:48,6,0,4
BRDA:48,6,1,1
BRDA:62,7,0,2
BRDA:62,7,1,0
BRDA:64,8,0,0
BRDA:64,8,1,2
BRDA:73,9,0,0
BRDA:73,9,1,2
BRDA:75,10,0,1
BRDA:75,10,1,1
BRDA:99,11,0,1
BRDA:99,11,1,1
BRDA:108,12,0,3
BRDA:108,12,1,0
BRDA:119,13,0,2
BRDA:119,13,1,1
BRDA:139,14,0,1
BRDA:139,14,1,1
BRDA:143,15,0,3
BRDA:143,15,1,0
BRDA:161,16,0,1
BRDA:161,16,1,3
BRDA:161,17,0,4
BRDA:161,17,1,4
BRDA:161,17,2,3
BRDA:170,18,0,3
BRDA:170,18,1,1
BRDA:171,19,0,3
BRDA:171,19,1,2
BRDA:172,20,0,3
BRDA:172,20,1,3
BRDA:173,21,0,3
BRDA:173,21,1,3
BRDA:174,22,0,3
BRDA:174,22,1,3
BRDA:175,23,0,3
BRDA:175,23,1,3
BRDA:180,24,0,1
BRDA:180,24,1,2
BRDA:181,25,0,1
BRDA:181,25,1,0
BRDA:196,26,0,2
BRDA:196,26,1,0
BRDA:211,27,0,1
BRDA:211,27,1,1
BRDA:236,28,0,1
BRDA:236,28,1,1
BRDA:236,29,0,2
BRDA:236,29,1,1
BRDA:246,30,0,1
BRDA:246,30,1,1
BRDA:247,31,0,1
BRDA:247,31,1,1
BRDA:248,32,0,1
BRDA:248,32,1,1
BRDA:249,33,0,1
BRDA:249,33,1,1
BRDA:257,34,0,0
BRDA:257,34,1,1
BRDA:276,35,0,1
BRDA:276,35,1,1
BRDA:277,36,0,1
BRDA:277,36,1,1
BRDA:285,37,0,0
BRDA:285,37,1,1
BRDA:285,38,0,1
BRDA:285,38,1,1
BRDA:309,39,0,1
BRDA:309,39,1,1
BRDA:309,40,0,2
BRDA:309,40,1,1
BRDA:319,41,0,0
BRDA:319,41,1,1
BRF:85
BRH:71
end_of_record
TN:
SF:routes/movements.js
FN:14,(anonymous_0)
FN:48,(anonymous_1)
FN:72,(anonymous_2)
FNF:3
FNH:0
FNDA:0,(anonymous_0)
FNDA:0,(anonymous_1)
FNDA:0,(anonymous_2)
DA:1,0
DA:2,0
DA:3,0
DA:4,0
DA:5,0
DA:6,0
DA:7,0
DA:8,0
DA:9,0
DA:10,0
DA:11,0
DA:14,0
DA:15,0
DA:16,0
DA:17,0
DA:19,0
DA:24,0
DA:25,0
DA:26,0
DA:28,0
DA:31,0
DA:32,0
DA:33,0
DA:35,0
DA:39,0
DA:41,0
DA:48,0
DA:49,0
DA:50,0
DA:51,0
DA:53,0
DA:61,0
DA:63,0
DA:72,0
DA:73,0
DA:74,0
DA:76,0
DA:77,0
DA:79,0
DA:80,0
DA:83,0
DA:84,0
DA:85,0
DA:88,0
DA:95,0
DA:96,0
DA:99,0
DA:100,0
DA:101,0
DA:103,0
DA:104,0
DA:109,0
DA:117,0
DA:119,0
DA:132,0
DA:139,0
DA:140,0
DA:141,0
DA:142,0
DA:144,0
DA:146,0
DA:149,0
DA:155,0
LF:63
LH:0
BRDA:24,0,0,0
BRDA:24,0,1,0
BRDA:24,1,0,0
BRDA:24,1,1,0
BRDA:25,2,0,0
BRDA:25,2,1,0
BRDA:31,3,0,0
BRDA:31,3,1,0
BRDA:32,4,0,0
BRDA:32,4,1,0
BRDA:33,5,0,0
BRDA:33,5,1,0
BRDA:39,6,0,0
BRDA:39,6,1,0
BRDA:42,7,0,0
BRDA:42,7,1,0
BRDA:61,8,0,0
BRDA:61,8,1,0
BRDA:64,9,0,0
BRDA:64,9,1,0
BRDA:76,10,0,0
BRDA:76,10,1,0
BRDA:79,11,0,0
BRDA:79,11,1,0
BRDA:83,12,0,0
BRDA:83,12,1,0
BRDA:84,13,0,0
BRDA:84,13,1,0
BRDA:95,14,0,0
BRDA:95,14,1,0
BRDA:95,15,0,0
BRDA:95,15,1,0
BRDA:100,16,0,0
BRDA:100,16,1,0
BRDA:103,17,0,0
BRDA:103,17,1,0
BRDA:117,18,0,0
BRDA:117,18,1,0
BRDA:126,19,0,0
BRDA:126,19,1,0
BRDA:140,20,0,0
BRDA:140,20,1,0
BRF:42
BRH:0
end_of_record
TN:
SF:routes/purchaseOrders.js
FN:17,loadOrder
FN:36,organizationName
FN:46,(anonymous_2)
FN:71,(anonymous_3)
FN:74,(anonymous_4)
FN:80,(anonymous_5)
FN:93,(anonymous_6)
FN:100,(anonymous_7)
FN:119,(anonymous_8)
FN:130,(anonymous_9)
FN:148,(anonymous_10)
FN:161,(anonymous_11)
FN:184,(anonymous_12)
FN:198,(anonymous_13)
FN:210,(anonymous_14)
FN:271,(anonymous_15)
FN:299,(anonymous_16)
FN:311,(anonymous_17)
FNF:18
FNH:0
FNDA:0,loadOrder
FNDA:0,organizationName
FNDA:0,(anonymous_2)
FNDA:0,(anonymous_3)
FNDA:0,(anonymous_4)
FNDA:0,(anonymous_5)
FNDA:0,(anonymous_6)
FNDA:0,(anonymous_7)
FNDA:0,(anonymous_8)
FNDA:0,(anonymous_9)
FNDA:0,(anonymous_10)
FNDA:0,(anonymous_11)
FNDA:0,(anonymous_12)
FNDA:0,(anonymous_13)
FNDA:0,(anonymous_14)
FNDA:0,(anonymous_15)
FNDA:0,(anonymous_16)
FNDA:0,(anonymous_17)
DA:1,0
DA:2,0
DA:3,0
DA:4,0
DA:5,0
DA:6,0
DA:7,0
DA:8,0
DA:9,0
DA:13,0
DA:14,0
DA:18,0
DA:25,0
DA:27,0
DA:33,0
DA:37,0
DA:42,0
DA:46,0
DA:47,0
DA:48,0
DA:49,0
DA:51,0
DA:56,0
DA:57,0
DA:59,0
DA:63,0
DA:66,0
DA:67,0
DA:68,0
DA:71,0
DA:73,0
DA:74,0
DA:75,0
DA:76,0
DA:77,0
DA:80,0
DA:81,0
DA:82,0
DA:86,0
DA:93,0
DA:94,0
DA:95,0
DA:96,0
DA:100,0
DA:101,0
DA:102,0
DA:103,0
DA:105,0
DA:111,0
DA:112,0
DA:113,0
DA:119,0
DA:120,0
DA:122,0
DA:127,0
DA:129,0
DA:130,0
DA:133,0
DA:134,0
DA:137,0
DA:145,0
DA:146,0
DA:148,0
DA:152,0
DA:161,0
DA:162,0
DA:163,0
DA:164,0
DA:166,0
DA:167,0
DA:172,0
DA:178,0
DA:184,0
DA:185,0
DA:186,0
DA:187,0
DA:189,0
DA:190,0
DA:192,0
DA:193,0
DA:198,0
DA:200,0
DA:208,0
DA:210,0
DA:215,0
DA:217,0
DA:218,0
DA:219,0
DA:221,0
DA:222,0
DA:224,0
DA:230,0
DA:231,0
DA:232,0
DA:235,0
DA:250,0
DA:252,0
DA:260,0
DA:262,0
DA:266,0
DA:271,0
DA:272,0
DA:273,0
DA:274,0
DA:276,0
DA:277,0
DA:280,0
DA:288,0
DA:290,0
DA:292,0
DA:299,0
DA:300,0
DA:306,0
DA:307,0
DA:311,0
DA:312,0
DA:313,0
DA:315,0
DA:316,0
DA:317,0
DA:320,0
DA:329,0
DA:330,0
DA:333,0
LF:124
LH:0
BRDA:25,0,0,0
BRDA:25,0,1,0
BRDA:25,1,0,0
BRDA:25,1,1,0
BRDA:33,2,0,0
BRDA:33,2,1,0
BRDA:42,3,0,0
BRDA:42,3,1,0
BRDA:56,4,0,0
BRDA:56,4,1,0
BRDA:56,5,0,0
BRDA:56,5,1,0
BRDA:57,6,0,0
BRDA:57,6,1,0
BRDA:63,7,0,0
BRDA:63,7,1,0
BRDA:66,8,0,0
BRDA:66,8,1,0
BRDA:67,9,0,0
BRDA:67,9,1,0
BRDA:74,10,0,0
BRDA:74,10,1,0
BRDA:75,11,0,0
BRDA:75,11,1,0
BRDA:81,12,0,0
BRDA:81,12,1,0
BRDA:82,13,0,0
BRDA:82,13,1,0
BRDA:95,14,0,0
BRDA:95,14,1,0
BRDA:103,15,0,0
BRDA:103,15,1,0
BRDA:127,16,0,0
BRDA:127,16,1,0
BRDA:129,17,0,0
BRDA:129,17,1,0
BRDA:130,18,0,0
BRDA:130,18,1,0
BRDA:130,19,0,0
BRDA:130,19,1,0
BRDA:133,20,0,0
BRDA:133,20,1,0
BRDA:145,21,0,0
BRDA:145,21,1,0
BRDA:152,22,0,0
BRDA:152,22,1,0
BRDA:154,23,0,0
BRDA:154,23,1,0
BRDA:155,24,0,0
BRDA:155,24,1,0
BRDA:164,25,0,0
BRDA:164,25,1,0
BRDA:166,26,0,0
BRDA:166,26,1,0
BRDA:187,27,0,0
BRDA:187,27,1,0
BRDA:189,28,0,0
BRDA:189,28,1,0
BRDA:192,29,0,0
BRDA:192,29,1,0
BRDA:200,30,0,0
BRDA:200,30,1,0
BRDA:208,31,0,0
BRDA:208,31,1,0
BRDA:210,32,0,0
BRDA:210,32,1,0
BRDA:219,33,0,0
BRDA:219,33,1,0
BRDA:221,34,0,0
BRDA:221,34,1,0
BRDA:230,35,0,0
BRDA:230,35,1,0
BRDA:260,36,0,0
BRDA:260,36,1,0
BRDA:274,37,0,0
BRDA:274,37,1,0
BRDA:276,38,0,0
BRDA:276,38,1,0
BRDA:288,39,0,0
BRDA:288,39,1,0
BRDA:306,40,0,0
BRDA:306,40,1,0
BRDA:307,41,0,0
BRDA:307,41,1,0
BRDA:315,42,0,0
BRDA:315,42,1,0
BRDA:316,43,0,0
BRDA:316,43,1,0
BRDA:316,44,0,0
BRDA:316,44,1,0
BRDA:323,45,0,0
BRDA:323,45,1,0
BRDA:329,46,0,0
BRDA:329,46,1,0
BRF:94
BRH:0
end_of_record
TN:
SF:routes/sales.js
FN:27,resolveRange
FN:42,dayKey
FN:47,fetchSalesInRange
FN:62,(anonymous_3)
FN:97,(anonymous_4)
FN:123,(anonymous_5)
FN:126,(anonymous_6)
FN:130,(anonymous_7)
FN:155,(anonymous_8)
FN:174,(anonymous_9)
FN:194,(anonymous_10)
FN:197,(anonymous_11)
FN:203,(anonymous_12)
FN:209,(anonymous_13)
FN:238,(anonymous_14)
FNF:15
FNH:0
FNDA:0,resolveRange
FNDA:0,dayKey
FNDA:0,fetchSalesInRange
FNDA:0,(anonymous_3)
FNDA:0,(anonymous_4)
FNDA:0,(anonymous_5)
FNDA:0,(anonymous_6)
FNDA:0,(anonymous_7)
FNDA:0,(anonymous_8)
FNDA:0,(anonymous_9)
FNDA:0,(anonymous_10)
FNDA:0,(anonymous_11)
FNDA:0,(anonymous_12)
FNDA:0,(anonymous_13)
FNDA:0,(anonymous_14)
DA:1,0
DA:2,0
DA:3,0
DA:4,0
DA:5,0
DA:6,0
DA:7,0
DA:8,0
DA:9,0
DA:10,0
DA:11,0
DA:12,0
DA:13,0
DA:14,0
DA:16,0
DA:17,0
DA:21,0
DA:28,0
DA:29,0
DA:33,0
DA:34,0
DA:38,0
DA:43,0
DA:48,0
DA:57,0
DA:58,0
DA:62,0
DA:63,0
DA:64,0
DA:65,0
DA:66,0
DA:68,0
DA:75,0
DA:76,0
DA:79,0
DA:80,0
DA:81,0
DA:84,0
DA:88,0
DA:90,0
DA:97,0
DA:98,0
DA:99,0
DA:101,0
DA:104,0
DA:111,0
DA:114,0
DA:120,0
DA:122,0
DA:123,0
DA:124,0
DA:125,0
DA:126,0
DA:129,0
DA:130,0
DA:131,0
DA:132,0
DA:133,0
DA:134,0
DA:137,0
DA:138,0
DA:139,0
DA:140,0
DA:141,0
DA:142,0
DA:143,0
DA:148,0
DA:152,0
DA:153,0
DA:155,0
DA:156,0
DA:157,0
DA:159,0
DA:160,0
DA:162,0
DA:163,0
DA:164,0
DA:166,0
DA:167,0
DA:169,0
DA:170,0
DA:171,0
DA:174,0
DA:180,0
DA:194,0
DA:197,0
DA:203,0
DA:204,0
DA:205,0
DA:207,0
DA:209,0
DA:210,0
DA:211,0
DA:227,0
DA:232,0
DA:233,0
DA:234,0
DA:238,0
DA:239,0
DA:240,0
DA:242,0
DA:243,0
DA:245,0
DA:246,0
DA:248,0
DA:249,0
DA:251,0
DA:252,0
DA:257,0
DA:267,0
DA:268,0
DA:269,0
DA:271,0
DA:272,0
DA:274,0
DA:277,0
DA:279,0
DA:285,0
DA:292,0
DA:295,0
DA:309,0
DA:310,0
DA:311,0
DA:312,0
DA:314,0
DA:316,0
DA:320,0
DA:323,0
LF:128
LH:0
BRDA:27,0,0,0
BRDA:28,1,0,0
BRDA:28,1,1,0
BRDA:29,2,0,0
BRDA:29,2,1,0
BRDA:33,3,0,0
BRDA:33,3,1,0
BRDA:34,4,0,0
BRDA:34,4,1,0
BRDA:57,5,0,0
BRDA:57,5,1,0
BRDA:58,6,0,0
BRDA:58,6,1,0
BRDA:75,7,0,0
BRDA:75,7,1,0
BRDA:75,8,0,0
BRDA:75,8,1,0
BRDA:79,9,0,0
BRDA:79,9,1,0
BRDA:88,10,0,0
BRDA:88,10,1,0
BRDA:91,11,0,0
BRDA:91,11,1,0
BRDA:111,12,0,0
BRDA:111,12,1,0
BRDA:120,13,0,0
BRDA:120,13,1,0
BRDA:123,14,0,0
BRDA:123,14,1,0
BRDA:123,15,0,0
BRDA:123,15,1,0
BRDA:125,16,0,0
BRDA:125,16,1,0
BRDA:126,17,0,0
BRDA:126,17,1,0
BRDA:126,18,0,0
BRDA:126,18,1,0
BRDA:132,19,0,0
BRDA:132,19,1,0
BRDA:142,20,0,0
BRDA:142,20,1,0
BRDA:159,21,0,0
BRDA:159,21,1,0
BRDA:166,22,0,0
BRDA:166,22,1,0
BRDA:191,23,0,0
BRDA:191,23,1,0
BRDA:245,24,0,0
BRDA:245,24,1,0
BRDA:248,25,0,0
BRDA:248,25,1,0
BRDA:248,26,0,0
BRDA:248,26,1,0
BRDA:251,27,0,0
BRDA:251,27,1,0
BRDA:251,28,0,0
BRDA:251,28,1,0
BRDA:262,29,0,0
BRDA:262,29,1,0
BRDA:267,30,0,0
BRDA:267,30,1,0
BRDA:268,31,0,0
BRDA:268,31,1,0
BRDA:268,32,0,0
BRDA:268,32,1,0
BRDA:271,33,0,0
BRDA:271,33,1,0
BRDA:271,34,0,0
BRDA:271,34,1,0
BRDA:277,35,0,0
BRDA:277,35,1,0
BRDA:292,36,0,0
BRDA:292,36,1,0
BRDA:302,37,0,0
BRDA:302,37,1,0
BRDA:310,38,0,0
BRDA:310,38,1,0
BRF:77
BRH:0
end_of_record
TN:
SF:services/audit.js
FN:12,logAction
FNF:1
FNH:1
FNDA:3,logAction
DA:1,1
DA:13,3
DA:14,3
DA:24,2
DA:25,0
DA:28,1
DA:32,1
LF:7
LH:6
BRDA:19,0,0,3
BRDA:19,0,1,2
BRDA:20,1,0,3
BRDA:20,1,1,2
BRDA:21,2,0,3
BRDA:21,2,1,2
BRDA:24,3,0,0
BRDA:24,3,1,2
BRF:8
BRH:7
end_of_record
TN:
SF:services/email.js
FN:3,escapeHtml
FN:13,getTransporter
FN:31,sendLowStockAlert
FN:45,(anonymous_3)
FN:96,sendInvitationEmail
FN:149,sendPurchaseOrderEmail
FN:201,sendPasswordResetEmail
FNF:7
FNH:4
FNDA:10,escapeHtml
FNDA:4,getTransporter
FNDA:6,sendLowStockAlert
FNDA:5,(anonymous_3)
FNDA:0,sendInvitationEmail
FNDA:0,sendPurchaseOrderEmail
FNDA:0,sendPasswordResetEmail
DA:1,2
DA:4,10
DA:11,2
DA:14,4
DA:15,0
DA:18,4
DA:19,1
DA:28,4
DA:32,6
DA:34,4
DA:35,4
DA:36,0
DA:37,0
DA:40,4
DA:41,0
DA:42,0
DA:45,5
DA:56,4
DA:77,4
DA:78,4
DA:84,4
DA:86,0
DA:87,0
DA:97,0
DA:98,0
DA:99,0
DA:100,0
DA:103,0
DA:131,0
DA:132,0
DA:138,0
DA:140,0
DA:141,0
DA:152,0
DA:153,0
DA:154,0
DA:155,0
DA:158,0
DA:178,0
DA:190,0
DA:202,0
DA:203,0
DA:204,0
DA:205,0
DA:208,0
DA:237,0
DA:244,0
DA:247,2
LF:48
LH:17
BRDA:14,0,0,0
BRDA:14,0,1,4
BRDA:14,1,0,4
BRDA:14,1,1,4
BRDA:18,2,0,1
BRDA:18,2,1,3
BRDA:32,3,0,2
BRDA:32,3,1,4
BRDA:32,4,0,6
BRDA:32,4,1,5
BRDA:35,5,0,0
BRDA:35,5,1,4
BRDA:40,6,0,0
BRDA:40,6,1,4
BRDA:49,7,0,2
BRDA:49,7,1,3
BRDA:98,8,0,0
BRDA:98,8,1,0
BRDA:107,9,0,0
BRDA:107,9,1,0
BRDA:135,10,0,0
BRDA:135,10,1,0
BRDA:153,11,0,0
BRDA:153,11,1,0
BRDA:165,12,0,0
BRDA:165,12,1,0
BRDA:203,13,0,0
BRDA:203,13,1,0
BRDA:212,14,0,0
BRDA:212,14,1,0
BRF:30
BRH:13
end_of_record
TN:
SF:services/invitations.js
FN:10,generateToken
FN:19,createInvitation
FN:62,findValidInvitation
FN:86,markRedeemed
FNF:4
FNH:0
FNDA:0,generateToken
FNDA:0,createInvitation
FNDA:0,findValidInvitation
FNDA:0,markRedeemed
DA:1,2
DA:2,2
DA:4,2
DA:11,0
DA:20,0
DA:21,0
DA:23,0
DA:24,0
DA:26,0
DA:40,0
DA:41,0
DA:49,0
DA:50,0
DA:53,0
DA:54,0
DA:63,0
DA:65,0
DA:71,0
DA:72,0
DA:74,0
DA:75,0
DA:79,0
DA:82,0
DA:87,0
DA:93,0
DA:96,2
LF:26
LH:4
BRDA:20,0,0,0
BRDA:20,0,1,0
BRDA:21,1,0,0
BRDA:21,1,1,0
BRDA:31,2,0,0
BRDA:31,2,1,0
BRDA:33,3,0,0
BRDA:33,3,1,0
BRDA:40,4,0,0
BRDA:40,4,1,0
BRDA:40,5,0,0
BRDA:40,5,1,0
BRDA:40,5,2,0
BRDA:49,6,0,0
BRDA:49,6,1,0
BRDA:53,7,0,0
BRDA:53,7,1,0
BRDA:63,8,0,0
BRDA:63,8,1,0
BRDA:71,9,0,0
BRDA:71,9,1,0
BRDA:71,10,0,0
BRDA:71,10,1,0
BRDA:72,11,0,0
BRDA:72,11,1,0
BRDA:74,12,0,0
BRDA:74,12,1,0
BRDA:93,13,0,0
BRDA:93,13,1,0
BRF:29
BRH:0
end_of_record
TN:
SF:services/movements.js
FN:15,inferType
FN:24,signedChange
FN:34,recordMovement
FN:85,recordQuantityChange
FNF:4
FNH:4
FNDA:3,inferType
FNDA:8,signedChange
FNDA:6,recordMovement
FNDA:3,recordQuantityChange
DA:1,1
DA:3,1
DA:7,1
DA:16,3
DA:25,8
DA:26,8
DA:47,6
DA:48,6
DA:49,1
DA:51,5
DA:53,4
DA:73,4
DA:74,3
DA:76,2
DA:77,2
DA:97,3
DA:98,3
DA:99,3
DA:101,3
DA:103,2
DA:118,1
LF:21
LH:21
BRDA:16,0,0,2
BRDA:16,0,1,1
BRDA:25,1,0,8
BRDA:25,1,1,1
BRDA:26,2,0,4
BRDA:26,2,1,4
BRDA:41,3,0,4
BRDA:42,4,0,4
BRDA:43,5,0,4
BRDA:44,6,0,4
BRDA:45,7,0,4
BRDA:48,8,0,1
BRDA:48,8,1,5
BRDA:51,9,0,1
BRDA:51,9,1,4
BRDA:73,10,0,1
BRDA:73,10,1,3
BRDA:90,11,0,2
BRDA:91,12,0,3
BRDA:92,13,0,3
BRDA:93,14,0,3
BRDA:94,15,0,3
BRDA:95,16,0,3
BRDA:97,17,0,3
BRDA:97,17,1,1
BRDA:98,18,0,3
BRDA:98,18,1,0
BRDA:101,19,0,1
BRDA:101,19,1,2
BRDA:106,20,0,2
BRDA:106,20,1,1
BRF:31
BRH:30
end_of_record
TN:
SF:services/passwordResets.js
FN:8,generateToken
FN:12,hashToken
FN:22,createResetToken
FN:47,findValidResetToken
FN:70,markUsed
FN:81,invalidateAllForUser
FNF:6
FNH:6
FNDA:8,generateToken
FNDA:20,hashToken
FNDA:8,createResetToken
FNDA:9,findValidResetToken
FNDA:1,markUsed
FNDA:8,invalidateAllForUser
DA:1,3
DA:2,3
DA:6,3
DA:9,8
DA:13,20
DA:23,8
DA:25,8
DA:26,8
DA:28,8
DA:39,8
DA:40,8
DA:48,9
DA:50,8
DA:56,8
DA:57,6
DA:59,5
DA:60,2
DA:64,2
DA:67,3
DA:71,1
DA:77,1
DA:82,8
DA:88,8
DA:91,3
LF:24
LH:24
BRDA:22,0,0,5
BRDA:22,1,0,5
BRDA:33,2,0,3
BRDA:33,2,1,5
BRDA:39,3,0,0
BRDA:39,3,1,8
BRDA:48,4,0,1
BRDA:48,4,1,8
BRDA:56,5,0,2
BRDA:56,5,1,6
BRDA:56,6,0,8
BRDA:56,6,1,8
BRDA:57,7,0,1
BRDA:57,7,1,5
BRDA:59,8,0,2
BRDA:59,8,1,3
BRDA:77,9,0,0
BRDA:77,9,1,1
BRDA:88,10,0,0
BRDA:88,10,1,8
BRF:20
BRH:17
end_of_record
TN:
SF:services/purchaseOrderPdf.js
FN:8,money
FN:12,formatDate
FN:25,buildPurchaseOrderPdf
FN:26,(anonymous_3)
FN:31,(anonymous_4)
FN:32,(anonymous_5)
FN:87,(anonymous_6)
FNF:7
FNH:0
FNDA:0,money
FNDA:0,formatDate
FNDA:0,buildPurchaseOrderPdf
FNDA:0,(anonymous_3)
FNDA:0,(anonymous_4)
FNDA:0,(anonymous_5)
FNDA:0,(anonymous_6)
DA:1,0
DA:3,0
DA:4,0
DA:5,0
DA:6,0
DA:9,0
DA:13,0
DA:26,0
DA:27,0
DA:28,0
DA:29,0
DA:31,0
DA:32,0
DA:33,0
DA:35,0
DA:36,0
DA:37,0
DA:40,0
DA:43,0
DA:46,0
DA:49,0
DA:52,0
DA:55,0
DA:56,0
DA:57,0
DA:58,0
DA:59,0
DA:60,0
DA:61,0
DA:65,0
DA:68,0
DA:69,0
DA:70,0
DA:71,0
DA:72,0
DA:74,0
DA:75,0
DA:76,0
DA:77,0
DA:78,0
DA:79,0
DA:81,0
DA:82,0
DA:83,0
DA:85,0
DA:87,0
DA:89,0
DA:90,0
DA:91,0
DA:94,0
DA:99,0
DA:104,0
DA:105,0
DA:106,0
DA:108,0
DA:111,0
DA:112,0
DA:118,0
DA:122,0
DA:123,0
DA:125,0
DA:127,0
DA:133,0
DA:139,0
DA:141,0
DA:146,0
LF:66
LH:0
BRDA:9,0,0,0
BRDA:9,0,1,0
BRDA:13,1,0,0
BRDA:13,1,1,0
BRDA:47,2,0,0
BRDA:47,2,1,0
BRDA:59,3,0,0
BRDA:59,3,1,0
BRDA:89,4,0,0
BRDA:89,4,1,0
BRF:10
BRH:0
end_of_record
TN:
SF:services/purchaseOrders.js
FN:14,reorderQuantity
FN:21,nextReference
FN:35,withoutOpenOrders
FN:50,(anonymous_3)
FN:54,(anonymous_4)
FN:55,(anonymous_5)
FN:59,supplierEmails
FN:74,(anonymous_7)
FN:88,createPurchaseOrdersForLowStock
FN:96,(anonymous_9)
FN:105,(anonymous_10)
FN:117,(anonymous_11)
FN:132,(anonymous_12)
FN:156,(anonymous_13)
FN:181,emailPurchaseOrder
FNF:15
FNH:0
FNDA:0,reorderQuantity
FNDA:0,nextReference
FNDA:0,withoutOpenOrders
FNDA:0,(anonymous_3)
FNDA:0,(anonymous_4)
FNDA:0,(anonymous_5)
FNDA:0,supplierEmails
FNDA:0,(anonymous_7)
FNDA:0,createPurchaseOrdersForLowStock
FNDA:0,(anonymous_9)
FNDA:0,(anonymous_10)
FNDA:0,(anonymous_11)
FNDA:0,(anonymous_12)
FNDA:0,(anonymous_13)
FNDA:0,emailPurchaseOrder
DA:1,0
DA:2,0
DA:3,0
DA:7,0
DA:15,0
DA:16,0
DA:17,0
DA:22,0
DA:27,0
DA:28,0
DA:36,0
DA:38,0
DA:44,0
DA:45,0
DA:47,0
DA:50,0
DA:52,0
DA:54,0
DA:55,0
DA:60,0
DA:62,0
DA:68,0
DA:69,0
DA:70,0
DA:73,0
DA:74,0
DA:75,0
DA:95,0
DA:96,0
DA:97,0
DA:99,0
DA:100,0
DA:104,0
DA:105,0
DA:106,0
DA:107,0
DA:108,0
DA:111,0
DA:112,0
DA:114,0
DA:115,0
DA:117,0
DA:118,0
DA:119,0
DA:120,0
DA:132,0
DA:134,0
DA:149,0
DA:150,0
DA:151,0
DA:154,0
DA:156,0
DA:158,0
DA:159,0
DA:162,0
DA:163,0
DA:166,0
DA:167,0
DA:170,0
DA:172,0
DA:173,0
DA:182,0
DA:183,0
DA:187,0
DA:190,0
DA:191,0
DA:193,0
DA:203,0
DA:208,0
DA:210,0
DA:211,0
DA:215,0
DA:219,0
LF:73
LH:0
BRDA:15,0,0,0
BRDA:15,0,1,0
BRDA:16,1,0,0
BRDA:16,1,1,0
BRDA:27,2,0,0
BRDA:27,2,1,0
BRDA:28,3,0,0
BRDA:28,3,1,0
BRDA:36,4,0,0
BRDA:36,4,1,0
BRDA:44,5,0,0
BRDA:44,5,1,0
BRDA:45,6,0,0
BRDA:45,6,1,0
BRDA:45,7,0,0
BRDA:45,7,1,0
BRDA:52,8,0,0
BRDA:52,8,1,0
BRDA:54,9,0,0
BRDA:54,9,1,0
BRDA:60,10,0,0
BRDA:60,10,1,0
BRDA:68,11,0,0
BRDA:68,11,1,0
BRDA:74,12,0,0
BRDA:74,12,1,0
BRDA:90,13,0,0
BRDA:92,14,0,0
BRDA:93,15,0,0
BRDA:96,16,0,0
BRDA:96,16,1,0
BRDA:96,17,0,0
BRDA:96,17,1,0
BRDA:97,18,0,0
BRDA:97,18,1,0
BRDA:100,19,0,0
BRDA:100,19,1,0
BRDA:106,20,0,0
BRDA:106,20,1,0
BRDA:106,21,0,0
BRDA:106,21,1,0
BRDA:107,22,0,0
BRDA:107,22,1,0
BRDA:119,23,0,0
BRDA:119,23,1,0
BRDA:127,24,0,0
BRDA:127,24,1,0
BRDA:128,25,0,0
BRDA:128,25,1,0
BRDA:140,26,0,0
BRDA:140,26,1,0
BRDA:149,27,0,0
BRDA:149,27,1,0
BRDA:158,28,0,0
BRDA:158,28,1,0
BRDA:182,29,0,0
BRDA:182,29,1,0
BRF:57
BRH:0
end_of_record
TN:
SF:services/reorder.js
FN:12,triggerReorderIfLow
FN:14,(anonymous_1)
FNF:2
FNH:0
FNDA:0,triggerReorderIfLow
FNDA:0,(anonymous_1)
DA:1,0
DA:2,0
DA:3,0
DA:13,0
DA:14,0
DA:15,0
DA:16,0
DA:17,0
DA:20,0
DA:22,0
DA:28,0
DA:36,0
DA:37,0
DA:41,0
LF:14
LH:0
BRDA:14,0,0,0
BRDA:14,0,1,0
BRDA:15,1,0,0
BRDA:15,1,1,0
BRDA:20,2,0,0
BRDA:20,2,1,0
BRDA:30,3,0,0
BRDA:30,3,1,0
BRF:8
BRH:0
end_of_record
TN:
SF:services/supabase.js
FNF:0
FNH:0
DA:1,0
DA:3,0
DA:4,0
DA:7,0
DA:8,0
DA:11,0
DA:16,0
LF:7
LH:0
BRDA:3,0,0,0
BRDA:3,0,1,0
BRDA:7,1,0,0
BRDA:7,1,1,0
BRF:4
BRH:0
end_of_record
TN:
SF:services/tokens.js
FN:14,generateRefreshToken
FN:18,hashToken
FN:23,signAccessToken
FN:37,refreshCookieOptions
FN:53,issueRefreshToken
FN:74,findRefreshToken
FN:87,revokeToken
FN:103,revokeAllForUser
FNF:8
FNH:6
FNDA:3,generateRefreshToken
FNDA:4,hashToken
FNDA:4,signAccessToken
FNDA:6,refreshCookieOptions
FNDA:3,issueRefreshToken
FNDA:2,findRefreshToken
FNDA:0,revokeToken
FNDA:0,revokeAllForUser
DA:1,3
DA:2,3
DA:3,3
DA:5,3
DA:6,3
DA:7,3
DA:15,3
DA:19,4
DA:24,4
DA:38,6
DA:39,6
DA:54,3
DA:55,3
DA:57,3
DA:69,3
DA:70,3
DA:75,2
DA:77,1
DA:83,1
DA:84,0
DA:88,0
DA:94,0
DA:104,0
DA:110,0
DA:113,3
LF:25
LH:20
BRDA:42,0,0,2
BRDA:42,0,1,4
BRDA:53,1,0,2
BRDA:53,2,0,2
BRDA:53,3,0,3
BRDA:64,4,0,0
BRDA:64,4,1,3
BRDA:69,5,0,0
BRDA:69,5,1,3
BRDA:75,6,0,1
BRDA:75,6,1,1
BRDA:83,7,0,1
BRDA:83,7,1,0
BRDA:83,8,0,1
BRDA:83,8,1,1
BRDA:94,9,0,0
BRDA:94,9,1,0
BRDA:110,10,0,0
BRDA:110,10,1,0
BRF:19
BRH:12
end_of_record
TN:
SF:utils/asyncHandler.js
FN:6,asyncHandler
FN:7,(anonymous_1)
FN:8,(anonymous_2)
FNF:3
FNH:3
FNDA:24,asyncHandler
FNDA:43,(anonymous_1)
FNDA:6,(anonymous_2)
DA:7,24
DA:8,43
DA:9,6
DA:10,6
DA:15,4
LF:5
LH:5
BRF:0
BRH:0
end_of_record
TN:
SF:utils/computeStatus.js
FN:5,computeStatus
FN:14,mapItemsWithStatus
FN:15,(anonymous_2)
FNF:3
FNH:3
FNDA:23,computeStatus
FNDA:5,mapItemsWithStatus
FNDA:15,(anonymous_2)
DA:6,23
DA:7,17
DA:8,10
DA:15,15
DA:21,1
LF:5
LH:5
BRDA:6,0,0,6
BRDA:6,0,1,17
BRDA:7,1,0,7
BRDA:7,1,1,10
BRF:4
BRH:4
end_of_record
TN:
SF:utils/pagination.js
FN:10,parsePagination
FN:23,buildPagination
FNF:2
FNH:2
FNDA:5,parsePagination
FNDA:4,buildPagination
DA:7,1
DA:8,1
DA:11,5
DA:12,5
DA:13,5
DA:15,5
DA:24,4
DA:25,4
DA:27,4
DA:37,1
LF:10
LH:10
BRDA:10,0,0,0
BRDA:11,1,0,5
BRDA:11,1,1,5
BRDA:12,2,0,5
BRDA:12,2,1,4
BRDA:24,3,0,4
BRDA:24,3,1,0
BRF:7
BRH:5
end_of_record
TN:
SF:utils/salesMath.js
FN:10,toNumber
FN:16,saleRevenue
FN:21,saleCogs
FN:26,saleProfit
FN:31,marginPct
FN:41,summarise
FN:48,(anonymous_6)
FN:67,withDerived
FNF:8
FNH:0
FNDA:0,toNumber
FNDA:0,saleRevenue
FNDA:0,saleCogs
FNDA:0,saleProfit
FNDA:0,marginPct
FNDA:0,summarise
FNDA:0,(anonymous_6)
FNDA:0,withDerived
DA:11,0
DA:12,0
DA:17,0
DA:22,0
DA:27,0
DA:32,0
DA:33,0
DA:34,0
DA:42,0
DA:44,0
DA:45,0
DA:46,0
DA:48,0
DA:49,0
DA:50,0
DA:51,0
DA:54,0
DA:56,0
DA:68,0
DA:76,0
LF:20
LH:0
BRDA:12,0,0,0
BRDA:12,0,1,0
BRDA:33,1,0,0
BRDA:33,1,1,0
BRDA:42,2,0,0
BRDA:42,2,1,0
BRF:6
BRH:0
end_of_record
